mode: atomic
github.com/harmony-one/harmony/accounts/accounts.go:182.35,185.2 2 1
github.com/harmony-one/harmony/accounts/accounts.go:194.48,199.2 4 1
github.com/harmony-one/harmony/accounts/address.go:10.42,12.2 1 0
github.com/harmony-one/harmony/accounts/address.go:15.54,17.2 1 0
github.com/harmony-one/harmony/accounts/address.go:20.68,23.50 3 0
github.com/harmony-one/harmony/accounts/address.go:26.2,26.8 1 0
github.com/harmony-one/harmony/accounts/address.go:23.50,25.3 1 0
github.com/harmony-one/harmony/accounts/address.go:30.76,32.16 2 0
github.com/harmony-one/harmony/accounts/address.go:35.2,35.36 1 0
github.com/harmony-one/harmony/accounts/address.go:39.2,41.12 3 0
github.com/harmony-one/harmony/accounts/address.go:32.16,34.3 1 0
github.com/harmony-one/harmony/accounts/address.go:35.36,38.3 1 0
github.com/harmony-one/harmony/accounts/errors.go:59.46,63.2 1 0
github.com/harmony-one/harmony/accounts/errors.go:66.44,68.2 1 0
github.com/harmony-one/harmony/accounts/hd.go:68.63,73.9 3 29
github.com/harmony-one/harmony/accounts/hd.go:87.2,87.26 1 27
github.com/harmony-one/harmony/accounts/hd.go:90.2,90.39 1 26
github.com/harmony-one/harmony/accounts/hd.go:117.2,117.20 1 23
github.com/harmony-one/harmony/accounts/hd.go:74.28,75.50 1 0
github.com/harmony-one/harmony/accounts/hd.go:77.46,78.116 1 2
github.com/harmony-one/harmony/accounts/hd.go:80.47,81.30 1 17
github.com/harmony-one/harmony/accounts/hd.go:83.10,84.56 1 10
github.com/harmony-one/harmony/accounts/hd.go:87.26,89.3 1 1
github.com/harmony-one/harmony/accounts/hd.go:90.39,96.40 3 65
github.com/harmony-one/harmony/accounts/hd.go:101.3,102.10 2 65
github.com/harmony-one/harmony/accounts/hd.go:105.3,106.66 2 64
github.com/harmony-one/harmony/accounts/hd.go:112.3,115.33 2 62
github.com/harmony-one/harmony/accounts/hd.go:96.40,99.4 2 37
github.com/harmony-one/harmony/accounts/hd.go:102.10,104.4 1 1
github.com/harmony-one/harmony/accounts/hd.go:106.66,107.18 1 2
github.com/harmony-one/harmony/accounts/hd.go:110.4,110.93 1 2
github.com/harmony-one/harmony/accounts/hd.go:107.18,109.5 1 0
github.com/harmony-one/harmony/accounts/hd.go:122.44,124.33 2 0
github.com/harmony-one/harmony/accounts/hd.go:135.2,135.15 1 0
github.com/harmony-one/harmony/accounts/hd.go:124.33,126.30 2 0
github.com/harmony-one/harmony/accounts/hd.go:130.3,131.15 2 0
github.com/harmony-one/harmony/accounts/hd.go:126.30,129.4 2 0
github.com/harmony-one/harmony/accounts/hd.go:131.15,133.4 1 0
github.com/harmony-one/harmony/accounts/hd.go:139.58,141.2 1 0
github.com/harmony-one/harmony/accounts/hd.go:144.59,147.46 3 0
github.com/harmony-one/harmony/accounts/hd.go:150.2,151.12 2 0
github.com/harmony-one/harmony/accounts/hd.go:147.46,149.3 1 0
github.com/harmony-one/harmony/accounts/sort.go:22.36,22.53 1 0
github.com/harmony-one/harmony/accounts/sort.go:23.36,23.63 1 0
github.com/harmony-one/harmony/accounts/sort.go:24.36,24.73 1 0
github.com/harmony-one/harmony/accounts/sort.go:29.43,29.60 1 0
github.com/harmony-one/harmony/accounts/sort.go:30.43,30.70 1 0
github.com/harmony-one/harmony/accounts/sort.go:31.43,31.84 1 0
github.com/harmony-one/harmony/accounts/url.go:44.40,46.39 2 3
github.com/harmony-one/harmony/accounts/url.go:49.2,52.8 1 2
github.com/harmony-one/harmony/accounts/url.go:46.39,48.3 1 1
github.com/harmony-one/harmony/accounts/url.go:56.30,57.20 1 3
github.com/harmony-one/harmony/accounts/url.go:60.2,60.15 1 1
github.com/harmony-one/harmony/accounts/url.go:57.20,59.3 1 2
github.com/harmony-one/harmony/accounts/url.go:64.38,66.19 2 0
github.com/harmony-one/harmony/accounts/url.go:69.2,69.12 1 0
github.com/harmony-one/harmony/accounts/url.go:66.19,68.3 1 0
github.com/harmony-one/harmony/accounts/url.go:73.44,75.2 1 1
github.com/harmony-one/harmony/accounts/url.go:78.49,81.16 3 1
github.com/harmony-one/harmony/accounts/url.go:84.2,85.16 2 1
github.com/harmony-one/harmony/accounts/url.go:88.2,90.12 3 1
github.com/harmony-one/harmony/accounts/url.go:81.16,83.3 1 0
github.com/harmony-one/harmony/accounts/url.go:85.16,87.3 1 0
github.com/harmony-one/harmony/accounts/url.go:99.31,100.28 1 4
github.com/harmony-one/harmony/accounts/url.go:103.2,103.46 1 1
github.com/harmony-one/harmony/accounts/url.go:100.28,102.3 1 3
github.com/harmony-one/harmony/accounts/abi/abi.go:36.42,40.41 3 104
github.com/harmony-one/harmony/accounts/abi/abi.go:44.2,44.17 1 104
github.com/harmony-one/harmony/accounts/abi/abi.go:40.41,42.3 1 0
github.com/harmony-one/harmony/accounts/abi/abi.go:52.71,54.16 1 30
github.com/harmony-one/harmony/accounts/abi/abi.go:62.2,63.12 2 30
github.com/harmony-one/harmony/accounts/abi/abi.go:66.2,67.16 2 28
github.com/harmony-one/harmony/accounts/abi/abi.go:71.2,71.47 1 26
github.com/harmony-one/harmony/accounts/abi/abi.go:54.16,57.17 2 0
github.com/harmony-one/harmony/accounts/abi/abi.go:60.3,60.24 1 0
github.com/harmony-one/harmony/accounts/abi/abi.go:57.17,59.4 1 0
github.com/harmony-one/harmony/accounts/abi/abi.go:63.12,65.3 1 2
github.com/harmony-one/harmony/accounts/abi/abi.go:67.16,69.3 1 2
github.com/harmony-one/harmony/accounts/abi/abi.go:75.76,76.20 1 112
github.com/harmony-one/harmony/accounts/abi/abi.go:81.2,81.41 1 111
github.com/harmony-one/harmony/accounts/abi/abi.go:87.2,87.39 1 19
github.com/harmony-one/harmony/accounts/abi/abi.go:90.2,90.66 1 0
github.com/harmony-one/harmony/accounts/abi/abi.go:76.20,78.3 1 1
github.com/harmony-one/harmony/accounts/abi/abi.go:81.41,82.24 1 92
github.com/harmony-one/harmony/accounts/abi/abi.go:85.3,85.40 1 92
github.com/harmony-one/harmony/accounts/abi/abi.go:82.24,84.4 1 0
github.com/harmony-one/harmony/accounts/abi/abi.go:87.39,89.3 1 19
github.com/harmony-one/harmony/accounts/abi/abi.go:94.94,95.20 1 9
github.com/harmony-one/harmony/accounts/abi/abi.go:100.2,100.41 1 9
github.com/harmony-one/harmony/accounts/abi/abi.go:106.2,106.39 1 4
github.com/harmony-one/harmony/accounts/abi/abi.go:109.2,109.66 1 0
github.com/harmony-one/harmony/accounts/abi/abi.go:95.20,97.3 1 0
github.com/harmony-one/harmony/accounts/abi/abi.go:100.41,101.24 1 5
github.com/harmony-one/harmony/accounts/abi/abi.go:104.3,104.47 1 3
github.com/harmony-one/harmony/accounts/abi/abi.go:101.24,103.4 1 2
github.com/harmony-one/harmony/accounts/abi/abi.go:106.39,108.3 1 4
github.com/harmony-one/harmony/accounts/abi/abi.go:113.50,123.54 2 104
github.com/harmony-one/harmony/accounts/abi/abi.go:127.2,129.31 3 104
github.com/harmony-one/harmony/accounts/abi/abi.go:152.2,152.12 1 104
github.com/harmony-one/harmony/accounts/abi/abi.go:123.54,125.3 1 0
github.com/harmony-one/harmony/accounts/abi/abi.go:129.31,130.21 1 258
github.com/harmony-one/harmony/accounts/abi/abi.go:131.22,134.5 1 0
github.com/harmony-one/harmony/accounts/abi/abi.go:136.23,142.5 1 235
github.com/harmony-one/harmony/accounts/abi/abi.go:143.16,148.5 1 23
github.com/harmony-one/harmony/accounts/abi/abi.go:157.61,158.22 1 23
github.com/harmony-one/harmony/accounts/abi/abi.go:161.2,161.37 1 20
github.com/harmony-one/harmony/accounts/abi/abi.go:166.2,166.63 1 0
github.com/harmony-one/harmony/accounts/abi/abi.go:158.22,160.3 1 3
github.com/harmony-one/harmony/accounts/abi/abi.go:161.37,162.44 1 252
github.com/harmony-one/harmony/accounts/abi/abi.go:162.44,164.4 1 20
github.com/harmony-one/harmony/accounts/abi/error.go:31.65,32.21 1 8
github.com/harmony-one/harmony/accounts/abi/error.go:35.2,35.47 1 8
github.com/harmony-one/harmony/accounts/abi/error.go:32.21,34.3 1 0
github.com/harmony-one/harmony/accounts/abi/error.go:40.54,41.64 1 121
github.com/harmony-one/harmony/accounts/abi/error.go:45.2,45.43 1 121
github.com/harmony-one/harmony/accounts/abi/error.go:49.2,49.25 1 118
github.com/harmony-one/harmony/accounts/abi/error.go:57.2,57.67 1 97
github.com/harmony-one/harmony/accounts/abi/error.go:60.2,60.12 1 95
github.com/harmony-one/harmony/accounts/abi/error.go:41.64,43.3 1 0
github.com/harmony-one/harmony/accounts/abi/error.go:45.43,47.3 1 3
github.com/harmony-one/harmony/accounts/abi/error.go:49.25,50.20 1 9
github.com/harmony-one/harmony/accounts/abi/error.go:50.20,52.4 1 8
github.com/harmony-one/harmony/accounts/abi/error.go:53.8,53.32 1 109
github.com/harmony-one/harmony/accounts/abi/error.go:53.32,55.3 1 13
github.com/harmony-one/harmony/accounts/abi/error.go:57.67,59.3 1 2
github.com/harmony-one/harmony/accounts/abi/error.go:65.51,66.38 1 449
github.com/harmony-one/harmony/accounts/abi/error.go:71.2,71.28 1 349
github.com/harmony-one/harmony/accounts/abi/error.go:66.38,68.3 1 100
github.com/harmony-one/harmony/accounts/abi/error.go:71.28,73.3 1 13
github.com/harmony-one/harmony/accounts/abi/error.go:73.8,73.57 1 336
github.com/harmony-one/harmony/accounts/abi/error.go:73.57,75.3 1 3
github.com/harmony-one/harmony/accounts/abi/error.go:75.8,77.3 1 333
github.com/harmony-one/harmony/accounts/abi/error.go:82.47,84.2 1 21
github.com/harmony-one/harmony/accounts/abi/method.go:48.35,50.38 2 309
github.com/harmony-one/harmony/accounts/abi/method.go:53.2,53.69 1 309
github.com/harmony-one/harmony/accounts/abi/method.go:50.38,52.3 1 480
github.com/harmony-one/harmony/accounts/abi/method.go:56.38,58.38 2 43
github.com/harmony-one/harmony/accounts/abi/method.go:61.2,62.40 2 43
github.com/harmony-one/harmony/accounts/abi/method.go:68.2,69.18 2 43
github.com/harmony-one/harmony/accounts/abi/method.go:72.2,72.133 1 43
github.com/harmony-one/harmony/accounts/abi/method.go:58.38,60.3 1 64
github.com/harmony-one/harmony/accounts/abi/method.go:62.40,64.27 2 1
github.com/harmony-one/harmony/accounts/abi/method.go:64.27,66.4 1 1
github.com/harmony-one/harmony/accounts/abi/method.go:69.18,71.3 1 13
github.com/harmony-one/harmony/accounts/abi/method.go:76.34,78.2 1 306
github.com/harmony-one/harmony/accounts/abi/numbers.go:42.30,44.2 1 261
github.com/harmony-one/harmony/accounts/abi/pack.go:29.49,32.2 2 23
github.com/harmony-one/harmony/accounts/abi/pack.go:36.61,37.13 1 217
github.com/harmony-one/harmony/accounts/abi/pack.go:38.21,39.31 1 122
github.com/harmony-one/harmony/accounts/abi/pack.go:40.16,41.75 1 20
github.com/harmony-one/harmony/accounts/abi/pack.go:42.17,43.43 1 13
github.com/harmony-one/harmony/accounts/abi/pack.go:47.3,47.55 1 13
github.com/harmony-one/harmony/accounts/abi/pack.go:48.14,49.26 1 2
github.com/harmony-one/harmony/accounts/abi/pack.go:52.3,52.46 1 0
github.com/harmony-one/harmony/accounts/abi/pack.go:53.15,54.43 1 3
github.com/harmony-one/harmony/accounts/abi/pack.go:57.3,57.66 1 3
github.com/harmony-one/harmony/accounts/abi/pack.go:58.32,59.43 1 57
github.com/harmony-one/harmony/accounts/abi/pack.go:62.3,62.56 1 57
github.com/harmony-one/harmony/accounts/abi/pack.go:63.10,64.28 1 0
github.com/harmony-one/harmony/accounts/abi/pack.go:43.43,45.4 1 13
github.com/harmony-one/harmony/accounts/abi/pack.go:49.26,51.4 1 2
github.com/harmony-one/harmony/accounts/abi/pack.go:54.43,56.4 1 0
github.com/harmony-one/harmony/accounts/abi/pack.go:59.43,61.4 1 57
github.com/harmony-one/harmony/accounts/abi/pack.go:69.42,70.36 1 259
github.com/harmony-one/harmony/accounts/abi/pack.go:71.83,72.52 1 59
github.com/harmony-one/harmony/accounts/abi/pack.go:73.78,74.39 1 143
github.com/harmony-one/harmony/accounts/abi/pack.go:75.19,76.44 1 57
github.com/harmony-one/harmony/accounts/abi/pack.go:77.10,78.28 1 0
github.com/harmony-one/harmony/accounts/abi/type.go:66.79,68.52 1 986
github.com/harmony-one/harmony/accounts/abi/type.go:72.2,76.32 2 985
github.com/harmony-one/harmony/accounts/abi/type.go:117.2,118.23 2 693
github.com/harmony-one/harmony/accounts/abi/type.go:121.2,125.28 3 693
github.com/harmony-one/harmony/accounts/abi/type.go:139.2,139.43 1 691
github.com/harmony-one/harmony/accounts/abi/type.go:216.2,216.8 1 689
github.com/harmony-one/harmony/accounts/abi/type.go:68.52,70.3 1 1
github.com/harmony-one/harmony/accounts/abi/type.go:76.32,80.17 3 292
github.com/harmony-one/harmony/accounts/abi/type.go:84.3,89.21 4 291
github.com/harmony-one/harmony/accounts/abi/type.go:114.3,114.18 1 291
github.com/harmony-one/harmony/accounts/abi/type.go:80.17,82.4 1 1
github.com/harmony-one/harmony/accounts/abi/type.go:89.21,95.33 5 158
github.com/harmony-one/harmony/accounts/abi/type.go:95.33,97.5 1 4
github.com/harmony-one/harmony/accounts/abi/type.go:98.9,98.28 1 133
github.com/harmony-one/harmony/accounts/abi/type.go:98.28,104.18 5 133
github.com/harmony-one/harmony/accounts/abi/type.go:107.4,108.33 2 133
github.com/harmony-one/harmony/accounts/abi/type.go:104.18,106.5 1 0
github.com/harmony-one/harmony/accounts/abi/type.go:108.33,110.5 1 4
github.com/harmony-one/harmony/accounts/abi/type.go:111.9,113.4 1 0
github.com/harmony-one/harmony/accounts/abi/type.go:118.23,120.3 1 0
github.com/harmony-one/harmony/accounts/abi/type.go:125.28,128.17 3 478
github.com/harmony-one/harmony/accounts/abi/type.go:128.17,130.4 1 0
github.com/harmony-one/harmony/accounts/abi/type.go:131.8,132.56 1 215
github.com/harmony-one/harmony/accounts/abi/type.go:132.56,136.4 1 2
github.com/harmony-one/harmony/accounts/abi/type.go:140.13,143.16 3 111
github.com/harmony-one/harmony/accounts/abi/type.go:144.14,147.17 3 275
github.com/harmony-one/harmony/accounts/abi/type.go:148.14,151.41 3 27
github.com/harmony-one/harmony/accounts/abi/type.go:152.17,156.20 4 92
github.com/harmony-one/harmony/accounts/abi/type.go:157.16,160.19 3 36
github.com/harmony-one/harmony/accounts/abi/type.go:161.15,162.19 1 124
github.com/harmony-one/harmony/accounts/abi/type.go:172.15,180.34 3 21
github.com/harmony-one/harmony/accounts/abi/type.go:200.3,206.30 7 21
github.com/harmony-one/harmony/accounts/abi/type.go:207.18,211.58 4 3
github.com/harmony-one/harmony/accounts/abi/type.go:212.10,213.59 1 2
github.com/harmony-one/harmony/accounts/abi/type.go:162.19,166.4 3 32
github.com/harmony-one/harmony/accounts/abi/type.go:166.9,171.4 4 92
github.com/harmony-one/harmony/accounts/abi/type.go:180.34,182.18 2 47
github.com/harmony-one/harmony/accounts/abi/type.go:185.4,185.33 1 47
github.com/harmony-one/harmony/accounts/abi/type.go:188.4,196.32 5 47
github.com/harmony-one/harmony/accounts/abi/type.go:182.18,184.5 1 0
github.com/harmony-one/harmony/accounts/abi/type.go:185.33,187.5 1 0
github.com/harmony-one/harmony/accounts/abi/type.go:196.32,198.5 1 26
github.com/harmony-one/harmony/accounts/abi/type.go:220.37,222.2 1 556
github.com/harmony-one/harmony/accounts/abi/type.go:224.53,227.40 2 309
github.com/harmony-one/harmony/accounts/abi/type.go:231.2,231.13 1 308
github.com/harmony-one/harmony/accounts/abi/type.go:227.40,229.3 1 1
github.com/harmony-one/harmony/accounts/abi/type.go:232.24,235.31 2 81
github.com/harmony-one/harmony/accounts/abi/type.go:241.3,243.16 3 81
github.com/harmony-one/harmony/accounts/abi/type.go:246.3,247.32 2 81
github.com/harmony-one/harmony/accounts/abi/type.go:260.3,260.35 1 81
github.com/harmony-one/harmony/accounts/abi/type.go:261.15,272.17 2 10
github.com/harmony-one/harmony/accounts/abi/type.go:276.3,277.37 2 10
github.com/harmony-one/harmony/accounts/abi/type.go:280.3,281.37 2 10
github.com/harmony-one/harmony/accounts/abi/type.go:298.3,298.35 1 10
github.com/harmony-one/harmony/accounts/abi/type.go:300.10,301.32 1 217
github.com/harmony-one/harmony/accounts/abi/type.go:235.31,238.4 1 40
github.com/harmony-one/harmony/accounts/abi/type.go:243.16,245.4 1 9
github.com/harmony-one/harmony/accounts/abi/type.go:247.32,249.18 2 175
github.com/harmony-one/harmony/accounts/abi/type.go:252.4,252.18 1 175
github.com/harmony-one/harmony/accounts/abi/type.go:256.4,258.31 3 18
github.com/harmony-one/harmony/accounts/abi/type.go:249.18,251.5 1 0
github.com/harmony-one/harmony/accounts/abi/type.go:252.18,254.13 2 157
github.com/harmony-one/harmony/accounts/abi/type.go:272.17,274.4 1 0
github.com/harmony-one/harmony/accounts/abi/type.go:277.37,279.4 1 25
github.com/harmony-one/harmony/accounts/abi/type.go:281.37,283.24 2 25
github.com/harmony-one/harmony/accounts/abi/type.go:286.4,287.18 2 25
github.com/harmony-one/harmony/accounts/abi/type.go:290.4,290.28 1 25
github.com/harmony-one/harmony/accounts/abi/type.go:283.24,285.5 1 0
github.com/harmony-one/harmony/accounts/abi/type.go:287.18,289.5 1 0
github.com/harmony-one/harmony/accounts/abi/type.go:290.28,294.5 3 12
github.com/harmony-one/harmony/accounts/abi/type.go:294.10,296.5 1 13
github.com/harmony-one/harmony/accounts/abi/type.go:307.43,309.2 1 466
github.com/harmony-one/harmony/accounts/abi/type.go:318.33,319.20 1 398
github.com/harmony-one/harmony/accounts/abi/type.go:327.2,327.106 1 380
github.com/harmony-one/harmony/accounts/abi/type.go:319.20,320.37 1 18
github.com/harmony-one/harmony/accounts/abi/type.go:325.3,325.15 1 10
github.com/harmony-one/harmony/accounts/abi/type.go:320.37,321.28 1 34
github.com/harmony-one/harmony/accounts/abi/type.go:321.28,323.5 1 8
github.com/harmony-one/harmony/accounts/abi/type.go:338.30,339.47 1 200
github.com/harmony-one/harmony/accounts/abi/type.go:352.2,352.11 1 144
github.com/harmony-one/harmony/accounts/abi/type.go:339.47,341.26 1 53
github.com/harmony-one/harmony/accounts/abi/type.go:344.3,344.21 1 44
github.com/harmony-one/harmony/accounts/abi/type.go:341.26,343.4 1 9
github.com/harmony-one/harmony/accounts/abi/type.go:345.8,345.48 1 147
github.com/harmony-one/harmony/accounts/abi/type.go:345.48,347.37 2 3
github.com/harmony-one/harmony/accounts/abi/type.go:350.3,350.15 1 3
github.com/harmony-one/harmony/accounts/abi/type.go:347.37,349.4 1 6
github.com/harmony-one/harmony/accounts/abi/argument.go:46.60,49.16 3 373
github.com/harmony-one/harmony/accounts/abi/argument.go:53.2,54.16 2 373
github.com/harmony-one/harmony/accounts/abi/argument.go:57.2,60.12 3 373
github.com/harmony-one/harmony/accounts/abi/argument.go:49.16,51.3 1 0
github.com/harmony-one/harmony/accounts/abi/argument.go:54.16,56.3 1 0
github.com/harmony-one/harmony/accounts/abi/argument.go:65.51,67.32 2 208
github.com/harmony-one/harmony/accounts/abi/argument.go:72.2,72.12 1 208
github.com/harmony-one/harmony/accounts/abi/argument.go:67.32,68.19 1 294
github.com/harmony-one/harmony/accounts/abi/argument.go:68.19,70.4 1 278
github.com/harmony-one/harmony/accounts/abi/argument.go:76.51,78.32 2 251
github.com/harmony-one/harmony/accounts/abi/argument.go:83.2,83.12 1 251
github.com/harmony-one/harmony/accounts/abi/argument.go:78.32,79.19 1 392
github.com/harmony-one/harmony/accounts/abi/argument.go:79.19,81.4 1 358
github.com/harmony-one/harmony/accounts/abi/argument.go:87.43,89.2 1 107
github.com/harmony-one/harmony/accounts/abi/argument.go:92.69,94.46 1 111
github.com/harmony-one/harmony/accounts/abi/argument.go:97.2,98.16 2 111
github.com/harmony-one/harmony/accounts/abi/argument.go:101.2,101.25 1 107
github.com/harmony-one/harmony/accounts/abi/argument.go:104.2,104.55 1 66
github.com/harmony-one/harmony/accounts/abi/argument.go:94.46,96.3 1 0
github.com/harmony-one/harmony/accounts/abi/argument.go:98.16,100.3 1 4
github.com/harmony-one/harmony/accounts/abi/argument.go:101.25,103.3 1 41
github.com/harmony-one/harmony/accounts/abi/argument.go:108.87,110.16 2 7
github.com/harmony-one/harmony/accounts/abi/argument.go:114.2,114.53 1 7
github.com/harmony-one/harmony/accounts/abi/argument.go:110.16,112.3 1 0
github.com/harmony-one/harmony/accounts/abi/argument.go:119.62,125.84 2 136
github.com/harmony-one/harmony/accounts/abi/argument.go:129.2,129.13 1 6
github.com/harmony-one/harmony/accounts/abi/argument.go:172.2,172.12 1 1
github.com/harmony-one/harmony/accounts/abi/argument.go:125.84,127.3 1 130
github.com/harmony-one/harmony/accounts/abi/argument.go:130.15,131.38 1 5
github.com/harmony-one/harmony/accounts/abi/argument.go:134.3,135.17 2 5
github.com/harmony-one/harmony/accounts/abi/argument.go:138.3,138.37 1 5
github.com/harmony-one/harmony/accounts/abi/argument.go:148.3,148.13 1 5
github.com/harmony-one/harmony/accounts/abi/argument.go:149.15,150.37 1 1
github.com/harmony-one/harmony/accounts/abi/argument.go:153.3,154.36 2 1
github.com/harmony-one/harmony/accounts/abi/argument.go:159.3,159.20 1 1
github.com/harmony-one/harmony/accounts/abi/argument.go:160.15,161.37 1 0
github.com/harmony-one/harmony/accounts/abi/argument.go:164.3,165.36 2 0
github.com/harmony-one/harmony/accounts/abi/argument.go:170.3,170.20 1 0
github.com/harmony-one/harmony/accounts/abi/argument.go:131.38,133.4 1 0
github.com/harmony-one/harmony/accounts/abi/argument.go:135.17,137.4 1 0
github.com/harmony-one/harmony/accounts/abi/argument.go:138.37,141.24 3 11
github.com/harmony-one/harmony/accounts/abi/argument.go:144.4,144.94 1 11
github.com/harmony-one/harmony/accounts/abi/argument.go:141.24,143.5 1 0
github.com/harmony-one/harmony/accounts/abi/argument.go:144.94,146.5 1 0
github.com/harmony-one/harmony/accounts/abi/argument.go:150.37,152.4 1 0
github.com/harmony-one/harmony/accounts/abi/argument.go:154.36,155.105 1 2
github.com/harmony-one/harmony/accounts/abi/argument.go:155.105,157.5 1 0
github.com/harmony-one/harmony/accounts/abi/argument.go:161.37,163.4 1 0
github.com/harmony-one/harmony/accounts/abi/argument.go:165.36,166.105 1 0
github.com/harmony-one/harmony/accounts/abi/argument.go:166.105,168.5 1 0
github.com/harmony-one/harmony/accounts/abi/argument.go:176.106,178.14 1 7
github.com/harmony-one/harmony/accounts/abi/argument.go:182.2,182.45 1 7
github.com/harmony-one/harmony/accounts/abi/argument.go:185.2,185.12 1 7
github.com/harmony-one/harmony/accounts/abi/argument.go:178.14,180.3 1 0
github.com/harmony-one/harmony/accounts/abi/argument.go:182.45,184.3 1 10
github.com/harmony-one/harmony/accounts/abi/argument.go:189.92,190.39 1 66
github.com/harmony-one/harmony/accounts/abi/argument.go:193.2,196.35 3 66
github.com/harmony-one/harmony/accounts/abi/argument.go:207.2,207.74 1 60
github.com/harmony-one/harmony/accounts/abi/argument.go:190.39,192.3 1 0
github.com/harmony-one/harmony/accounts/abi/argument.go:196.35,198.17 2 6
github.com/harmony-one/harmony/accounts/abi/argument.go:201.3,202.23 2 5
github.com/harmony-one/harmony/accounts/abi/argument.go:205.3,205.76 1 5
github.com/harmony-one/harmony/accounts/abi/argument.go:198.17,200.4 1 1
github.com/harmony-one/harmony/accounts/abi/argument.go:202.23,204.4 1 0
github.com/harmony-one/harmony/accounts/abi/argument.go:211.93,217.71 2 41
github.com/harmony-one/harmony/accounts/abi/argument.go:222.2,223.28 2 38
github.com/harmony-one/harmony/accounts/abi/argument.go:236.2,236.45 1 30
github.com/harmony-one/harmony/accounts/abi/argument.go:261.2,261.12 1 26
github.com/harmony-one/harmony/accounts/abi/argument.go:217.71,219.3 1 3
github.com/harmony-one/harmony/accounts/abi/argument.go:223.28,228.46 2 23
github.com/harmony-one/harmony/accounts/abi/argument.go:231.3,232.17 2 23
github.com/harmony-one/harmony/accounts/abi/argument.go:228.46,230.4 1 44
github.com/harmony-one/harmony/accounts/abi/argument.go:232.17,234.4 1 8
github.com/harmony-one/harmony/accounts/abi/argument.go:236.45,237.15 1 59
github.com/harmony-one/harmony/accounts/abi/argument.go:238.23,240.24 2 29
github.com/harmony-one/harmony/accounts/abi/argument.go:243.4,243.91 1 29
github.com/harmony-one/harmony/accounts/abi/argument.go:246.37,247.23 1 30
github.com/harmony-one/harmony/accounts/abi/argument.go:250.4,251.85 2 30
github.com/harmony-one/harmony/accounts/abi/argument.go:254.4,254.87 1 29
github.com/harmony-one/harmony/accounts/abi/argument.go:257.11,258.69 1 0
github.com/harmony-one/harmony/accounts/abi/argument.go:240.24,242.5 1 0
github.com/harmony-one/harmony/accounts/abi/argument.go:243.91,245.5 1 1
github.com/harmony-one/harmony/accounts/abi/argument.go:247.23,249.5 1 0
github.com/harmony-one/harmony/accounts/abi/argument.go:251.85,253.5 1 1
github.com/harmony-one/harmony/accounts/abi/argument.go:254.87,256.5 1 2
github.com/harmony-one/harmony/accounts/abi/argument.go:268.77,271.49 3 125
github.com/harmony-one/harmony/accounts/abi/argument.go:295.2,295.20 1 114
github.com/harmony-one/harmony/accounts/abi/argument.go:271.49,273.56 2 173
github.com/harmony-one/harmony/accounts/abi/argument.go:290.3,290.17 1 173
github.com/harmony-one/harmony/accounts/abi/argument.go:293.3,293.43 1 162
github.com/harmony-one/harmony/accounts/abi/argument.go:273.56,285.4 1 17
github.com/harmony-one/harmony/accounts/abi/argument.go:285.9,285.63 1 156
github.com/harmony-one/harmony/accounts/abi/argument.go:285.63,289.4 1 2
github.com/harmony-one/harmony/accounts/abi/argument.go:290.17,292.4 1 11
github.com/harmony-one/harmony/accounts/abi/argument.go:300.75,302.2 1 0
github.com/harmony-one/harmony/accounts/abi/argument.go:305.70,308.31 2 28
github.com/harmony-one/harmony/accounts/abi/argument.go:313.2,317.33 3 27
github.com/harmony-one/harmony/accounts/abi/argument.go:320.2,321.25 2 27
github.com/harmony-one/harmony/accounts/abi/argument.go:342.2,344.17 2 26
github.com/harmony-one/harmony/accounts/abi/argument.go:308.31,310.3 1 1
github.com/harmony-one/harmony/accounts/abi/argument.go:317.33,319.3 1 41
github.com/harmony-one/harmony/accounts/abi/argument.go:321.25,325.17 3 41
github.com/harmony-one/harmony/accounts/abi/argument.go:329.3,329.32 1 40
github.com/harmony-one/harmony/accounts/abi/argument.go:325.17,327.4 1 1
github.com/harmony-one/harmony/accounts/abi/argument.go:329.32,336.4 3 23
github.com/harmony-one/harmony/accounts/abi/argument.go:336.9,339.4 1 17
github.com/harmony-one/harmony/accounts/abi/argument.go:348.39,350.26 2 194
github.com/harmony-one/harmony/accounts/abi/argument.go:355.2,355.32 1 194
github.com/harmony-one/harmony/accounts/abi/argument.go:350.26,351.17 1 209
github.com/harmony-one/harmony/accounts/abi/argument.go:351.17,353.4 1 196
github.com/harmony-one/harmony/accounts/abi/event.go:36.32,38.33 2 3
github.com/harmony-one/harmony/accounts/abi/event.go:44.2,44.72 1 3
github.com/harmony-one/harmony/accounts/abi/event.go:38.33,40.20 2 6
github.com/harmony-one/harmony/accounts/abi/event.go:40.20,42.4 1 2
github.com/harmony-one/harmony/accounts/abi/event.go:49.33,52.33 3 2
github.com/harmony-one/harmony/accounts/abi/event.go:56.2,56.110 1 2
github.com/harmony-one/harmony/accounts/abi/event.go:52.33,55.3 2 3
github.com/harmony-one/harmony/accounts/abi/reflect.go:27.46,28.61 1 310
github.com/harmony-one/harmony/accounts/abi/reflect.go:31.2,31.10 1 309
github.com/harmony-one/harmony/accounts/abi/reflect.go:28.61,30.3 1 1
github.com/harmony-one/harmony/accounts/abi/reflect.go:36.82,37.14 1 386
github.com/harmony-one/harmony/accounts/abi/reflect.go:59.2,59.26 1 212
github.com/harmony-one/harmony/accounts/abi/reflect.go:38.9,39.15 1 54
github.com/harmony-one/harmony/accounts/abi/reflect.go:42.3,42.29 1 8
github.com/harmony-one/harmony/accounts/abi/reflect.go:43.10,44.15 1 32
github.com/harmony-one/harmony/accounts/abi/reflect.go:47.3,47.31 1 8
github.com/harmony-one/harmony/accounts/abi/reflect.go:48.10,49.15 1 50
github.com/harmony-one/harmony/accounts/abi/reflect.go:52.3,52.31 1 10
github.com/harmony-one/harmony/accounts/abi/reflect.go:53.10,54.15 1 38
github.com/harmony-one/harmony/accounts/abi/reflect.go:57.3,57.31 1 12
github.com/harmony-one/harmony/accounts/abi/reflect.go:39.15,41.4 1 46
github.com/harmony-one/harmony/accounts/abi/reflect.go:44.15,46.4 1 24
github.com/harmony-one/harmony/accounts/abi/reflect.go:49.15,51.4 1 40
github.com/harmony-one/harmony/accounts/abi/reflect.go:54.15,56.4 1 26
github.com/harmony-one/harmony/accounts/abi/reflect.go:64.62,68.2 3 70
github.com/harmony-one/harmony/accounts/abi/reflect.go:74.40,76.9 2 180
github.com/harmony-one/harmony/accounts/abi/reflect.go:88.2,88.12 1 120
github.com/harmony-one/harmony/accounts/abi/reflect.go:77.67,78.30 1 25
github.com/harmony-one/harmony/accounts/abi/reflect.go:79.68,80.30 1 25
github.com/harmony-one/harmony/accounts/abi/reflect.go:81.53,82.15 1 120
github.com/harmony-one/harmony/accounts/abi/reflect.go:83.74,84.28 1 1
github.com/harmony-one/harmony/accounts/abi/reflect.go:85.10,86.81 1 9
github.com/harmony-one/harmony/accounts/abi/reflect.go:93.45,95.33 2 1
github.com/harmony-one/harmony/accounts/abi/reflect.go:100.2,101.12 2 1
github.com/harmony-one/harmony/accounts/abi/reflect.go:95.33,98.3 2 2
github.com/harmony-one/harmony/accounts/abi/reflect.go:105.54,106.66 1 30
github.com/harmony-one/harmony/accounts/abi/reflect.go:109.2,109.12 1 29
github.com/harmony-one/harmony/accounts/abi/reflect.go:106.66,108.3 1 1
github.com/harmony-one/harmony/accounts/abi/reflect.go:114.24,116.11 1 41
github.com/harmony-one/harmony/accounts/abi/reflect.go:126.2,126.12 1 38
github.com/harmony-one/harmony/accounts/abi/reflect.go:117.22,117.22 0 23
github.com/harmony-one/harmony/accounts/abi/reflect.go:118.36,119.58 1 17
github.com/harmony-one/harmony/accounts/abi/reflect.go:123.10,124.62 1 1
github.com/harmony-one/harmony/accounts/abi/reflect.go:119.58,122.4 1 2
github.com/harmony-one/harmony/accounts/abi/reflect.go:136.99,143.38 4 58
github.com/harmony-one/harmony/accounts/abi/reflect.go:180.2,180.35 1 53
github.com/harmony-one/harmony/accounts/abi/reflect.go:217.2,217.24 1 43
github.com/harmony-one/harmony/accounts/abi/reflect.go:143.38,147.66 2 111
github.com/harmony-one/harmony/accounts/abi/reflect.go:151.3,153.56 3 111
github.com/harmony-one/harmony/accounts/abi/reflect.go:157.3,157.20 1 33
github.com/harmony-one/harmony/accounts/abi/reflect.go:161.3,162.32 2 32
github.com/harmony-one/harmony/accounts/abi/reflect.go:174.3,174.13 1 30
github.com/harmony-one/harmony/accounts/abi/reflect.go:147.66,148.12 1 0
github.com/harmony-one/harmony/accounts/abi/reflect.go:153.56,154.12 1 78
github.com/harmony-one/harmony/accounts/abi/reflect.go:157.20,159.4 1 1
github.com/harmony-one/harmony/accounts/abi/reflect.go:162.32,163.22 1 65
github.com/harmony-one/harmony/accounts/abi/reflect.go:163.22,164.30 1 31
github.com/harmony-one/harmony/accounts/abi/reflect.go:168.5,170.17 3 29
github.com/harmony-one/harmony/accounts/abi/reflect.go:164.30,166.6 1 2
github.com/harmony-one/harmony/accounts/abi/reflect.go:174.13,176.4 1 2
github.com/harmony-one/harmony/accounts/abi/reflect.go:180.35,184.28 2 100
github.com/harmony-one/harmony/accounts/abi/reflect.go:192.3,192.32 1 97
github.com/harmony-one/harmony/accounts/abi/reflect.go:202.3,202.40 1 71
github.com/harmony-one/harmony/accounts/abi/reflect.go:206.3,206.51 1 66
github.com/harmony-one/harmony/accounts/abi/reflect.go:184.28,186.4 1 3
github.com/harmony-one/harmony/accounts/abi/reflect.go:192.32,195.50 1 26
github.com/harmony-one/harmony/accounts/abi/reflect.go:198.4,198.12 1 24
github.com/harmony-one/harmony/accounts/abi/reflect.go:195.50,197.5 1 2
github.com/harmony-one/harmony/accounts/abi/reflect.go:202.40,204.4 1 5
github.com/harmony-one/harmony/accounts/abi/reflect.go:206.51,210.4 2 60
github.com/harmony-one/harmony/accounts/abi/reflect.go:210.9,215.4 1 6
github.com/harmony-one/harmony/accounts/abi/unpack.go:38.69,39.14 1 204
github.com/harmony-one/harmony/accounts/abi/unpack.go:40.21,41.21 1 29
github.com/harmony-one/harmony/accounts/abi/unpack.go:42.22,43.47 1 4
github.com/harmony-one/harmony/accounts/abi/unpack.go:44.22,45.47 1 30
github.com/harmony-one/harmony/accounts/abi/unpack.go:46.22,47.47 1 33
github.com/harmony-one/harmony/accounts/abi/unpack.go:48.20,49.27 1 4
github.com/harmony-one/harmony/accounts/abi/unpack.go:50.21,51.54 1 4
github.com/harmony-one/harmony/accounts/abi/unpack.go:52.21,53.54 1 6
github.com/harmony-one/harmony/accounts/abi/unpack.go:54.21,55.54 1 4
github.com/harmony-one/harmony/accounts/abi/unpack.go:56.10,61.20 2 90
github.com/harmony-one/harmony/accounts/abi/unpack.go:65.3,65.29 1 28
github.com/harmony-one/harmony/accounts/abi/unpack.go:70.3,70.13 1 28
github.com/harmony-one/harmony/accounts/abi/unpack.go:61.20,63.4 1 62
github.com/harmony-one/harmony/accounts/abi/unpack.go:65.29,69.4 3 2
github.com/harmony-one/harmony/accounts/abi/unpack.go:75.42,76.30 1 6
github.com/harmony-one/harmony/accounts/abi/unpack.go:81.2,81.18 1 5
github.com/harmony-one/harmony/accounts/abi/unpack.go:76.30,77.13 1 181
github.com/harmony-one/harmony/accounts/abi/unpack.go:77.13,79.4 1 1
github.com/harmony-one/harmony/accounts/abi/unpack.go:82.9,83.20 1 2
github.com/harmony-one/harmony/accounts/abi/unpack.go:84.9,85.19 1 2
github.com/harmony-one/harmony/accounts/abi/unpack.go:86.10,87.27 1 1
github.com/harmony-one/harmony/accounts/abi/unpack.go:93.73,94.23 1 1
github.com/harmony-one/harmony/accounts/abi/unpack.go:97.2,97.67 1 1
github.com/harmony-one/harmony/accounts/abi/unpack.go:102.2,102.8 1 1
github.com/harmony-one/harmony/accounts/abi/unpack.go:94.23,96.3 1 0
github.com/harmony-one/harmony/accounts/abi/unpack.go:97.67,99.3 1 0
github.com/harmony-one/harmony/accounts/abi/unpack.go:99.8,101.3 1 1
github.com/harmony-one/harmony/accounts/abi/unpack.go:106.63,107.25 1 16
github.com/harmony-one/harmony/accounts/abi/unpack.go:111.2,114.31 3 16
github.com/harmony-one/harmony/accounts/abi/unpack.go:107.25,109.3 1 0
github.com/harmony-one/harmony/accounts/abi/unpack.go:119.81,120.14 1 92
github.com/harmony-one/harmony/accounts/abi/unpack.go:123.2,123.33 1 92
github.com/harmony-one/harmony/accounts/abi/unpack.go:128.2,130.20 2 91
github.com/harmony-one/harmony/accounts/abi/unpack.go:142.2,144.57 2 91
github.com/harmony-one/harmony/accounts/abi/unpack.go:155.2,155.34 1 91
github.com/harmony-one/harmony/accounts/abi/unpack.go:120.14,122.3 1 0
github.com/harmony-one/harmony/accounts/abi/unpack.go:123.33,125.3 1 1
github.com/harmony-one/harmony/accounts/abi/unpack.go:130.20,133.3 1 34
github.com/harmony-one/harmony/accounts/abi/unpack.go:133.8,133.27 1 57
github.com/harmony-one/harmony/accounts/abi/unpack.go:133.27,136.3 1 57
github.com/harmony-one/harmony/accounts/abi/unpack.go:136.8,138.3 1 0
github.com/harmony-one/harmony/accounts/abi/unpack.go:144.57,146.17 2 201
github.com/harmony-one/harmony/accounts/abi/unpack.go:151.3,151.48 1 201
github.com/harmony-one/harmony/accounts/abi/unpack.go:146.17,148.4 1 0
github.com/harmony-one/harmony/accounts/abi/unpack.go:158.65,161.40 3 5
github.com/harmony-one/harmony/accounts/abi/unpack.go:185.2,185.32 1 5
github.com/harmony-one/harmony/accounts/abi/unpack.go:161.40,163.49 2 11
github.com/harmony-one/harmony/accounts/abi/unpack.go:180.3,180.17 1 11
github.com/harmony-one/harmony/accounts/abi/unpack.go:183.3,183.60 1 11
github.com/harmony-one/harmony/accounts/abi/unpack.go:163.49,175.4 1 0
github.com/harmony-one/harmony/accounts/abi/unpack.go:175.9,175.56 1 11
github.com/harmony-one/harmony/accounts/abi/unpack.go:175.56,179.4 1 0
github.com/harmony-one/harmony/accounts/abi/unpack.go:180.17,182.4 1 0
github.com/harmony-one/harmony/accounts/abi/unpack.go:190.70,191.28 1 385
github.com/harmony-one/harmony/accounts/abi/unpack.go:195.2,202.30 2 385
github.com/harmony-one/harmony/accounts/abi/unpack.go:211.2,211.13 1 377
github.com/harmony-one/harmony/accounts/abi/unpack.go:191.28,193.3 1 0
github.com/harmony-one/harmony/accounts/abi/unpack.go:202.30,204.17 2 77
github.com/harmony-one/harmony/accounts/abi/unpack.go:204.17,206.4 1 8
github.com/harmony-one/harmony/accounts/abi/unpack.go:207.8,209.3 1 308
github.com/harmony-one/harmony/accounts/abi/unpack.go:212.15,213.23 1 5
github.com/harmony-one/harmony/accounts/abi/unpack.go:220.3,220.43 1 4
github.com/harmony-one/harmony/accounts/abi/unpack.go:221.15,222.53 1 35
github.com/harmony-one/harmony/accounts/abi/unpack.go:223.15,224.29 1 57
github.com/harmony-one/harmony/accounts/abi/unpack.go:228.3,228.53 1 54
github.com/harmony-one/harmony/accounts/abi/unpack.go:229.16,230.51 1 19
github.com/harmony-one/harmony/accounts/abi/unpack.go:231.21,232.53 1 204
github.com/harmony-one/harmony/accounts/abi/unpack.go:233.14,234.32 1 6
github.com/harmony-one/harmony/accounts/abi/unpack.go:235.17,236.50 1 19
github.com/harmony-one/harmony/accounts/abi/unpack.go:237.14,238.47 1 0
github.com/harmony-one/harmony/accounts/abi/unpack.go:239.15,240.43 1 15
github.com/harmony-one/harmony/accounts/abi/unpack.go:241.20,242.41 1 16
github.com/harmony-one/harmony/accounts/abi/unpack.go:243.18,244.43 1 1
github.com/harmony-one/harmony/accounts/abi/unpack.go:245.10,246.54 1 0
github.com/harmony-one/harmony/accounts/abi/unpack.go:213.23,215.18 2 1
github.com/harmony-one/harmony/accounts/abi/unpack.go:218.4,218.44 1 1
github.com/harmony-one/harmony/accounts/abi/unpack.go:215.18,217.5 1 0
github.com/harmony-one/harmony/accounts/abi/unpack.go:224.29,227.4 2 3
github.com/harmony-one/harmony/accounts/abi/unpack.go:251.88,256.40 4 77
github.com/harmony-one/harmony/accounts/abi/unpack.go:260.2,260.32 1 72
github.com/harmony-one/harmony/accounts/abi/unpack.go:264.2,270.29 6 72
github.com/harmony-one/harmony/accounts/abi/unpack.go:274.2,274.37 1 70
github.com/harmony-one/harmony/accounts/abi/unpack.go:277.2,279.8 3 69
github.com/harmony-one/harmony/accounts/abi/unpack.go:256.40,258.3 1 5
github.com/harmony-one/harmony/accounts/abi/unpack.go:260.32,262.3 1 0
github.com/harmony-one/harmony/accounts/abi/unpack.go:270.29,272.3 1 2
github.com/harmony-one/harmony/accounts/abi/unpack.go:274.37,276.3 1 1
github.com/harmony-one/harmony/accounts/abi/unpack.go:283.69,287.52 3 1
github.com/harmony-one/harmony/accounts/abi/unpack.go:290.2,290.26 1 1
github.com/harmony-one/harmony/accounts/abi/unpack.go:293.2,293.34 1 1
github.com/harmony-one/harmony/accounts/abi/unpack.go:287.52,289.3 1 0
github.com/harmony-one/harmony/accounts/abi/unpack.go:290.26,292.3 1 0
github.com/harmony-one/harmony/accounts/abi/bind/auth.go:33.79,35.16 2 0
github.com/harmony-one/harmony/accounts/abi/bind/auth.go:38.2,39.16 2 0
github.com/harmony-one/harmony/accounts/abi/bind/auth.go:42.2,42.48 1 0
github.com/harmony-one/harmony/accounts/abi/bind/auth.go:35.16,37.3 1 0
github.com/harmony-one/harmony/accounts/abi/bind/auth.go:39.16,41.3 1 0
github.com/harmony-one/harmony/accounts/abi/bind/auth.go:47.62,51.112 2 0
github.com/harmony-one/harmony/accounts/abi/bind/auth.go:51.112,52.26 1 0
github.com/harmony-one/harmony/accounts/abi/bind/auth.go:55.4,56.18 2 0
github.com/harmony-one/harmony/accounts/abi/bind/auth.go:59.4,59.46 1 0
github.com/harmony-one/harmony/accounts/abi/bind/auth.go:52.26,54.5 1 0
github.com/harmony-one/harmony/accounts/abi/bind/auth.go:56.18,58.5 1 0
github.com/harmony-one/harmony/accounts/abi/bind/base.go:88.156,96.2 1 7
github.com/harmony-one/harmony/accounts/abi/bind/base.go:100.179,105.16 3 0
github.com/harmony-one/harmony/accounts/abi/bind/base.go:108.2,109.16 2 0
github.com/harmony-one/harmony/accounts/abi/bind/base.go:112.2,113.30 2 0
github.com/harmony-one/harmony/accounts/abi/bind/base.go:105.16,107.3 1 0
github.com/harmony-one/harmony/accounts/abi/bind/base.go:109.16,111.3 1 0
github.com/harmony-one/harmony/accounts/abi/bind/base.go:120.110,122.17 1 2
github.com/harmony-one/harmony/accounts/abi/bind/base.go:126.2,127.16 2 2
github.com/harmony-one/harmony/accounts/abi/bind/base.go:130.2,136.18 2 2
github.com/harmony-one/harmony/accounts/abi/bind/base.go:161.2,161.16 1 2
github.com/harmony-one/harmony/accounts/abi/bind/base.go:164.2,164.45 1 2
github.com/harmony-one/harmony/accounts/abi/bind/base.go:122.17,124.3 1 0
github.com/harmony-one/harmony/accounts/abi/bind/base.go:127.16,129.3 1 0
github.com/harmony-one/harmony/accounts/abi/bind/base.go:136.18,138.10 2 0
github.com/harmony-one/harmony/accounts/abi/bind/base.go:141.3,142.37 2 0
github.com/harmony-one/harmony/accounts/abi/bind/base.go:138.10,140.4 1 0
github.com/harmony-one/harmony/accounts/abi/bind/base.go:142.37,144.64 1 0
github.com/harmony-one/harmony/accounts/abi/bind/base.go:144.64,146.5 1 0
github.com/harmony-one/harmony/accounts/abi/bind/base.go:146.10,146.29 1 0
github.com/harmony-one/harmony/accounts/abi/bind/base.go:146.29,148.5 1 0
github.com/harmony-one/harmony/accounts/abi/bind/base.go:150.8,152.37 2 2
github.com/harmony-one/harmony/accounts/abi/bind/base.go:152.37,154.81 1 2
github.com/harmony-one/harmony/accounts/abi/bind/base.go:154.81,156.5 1 0
github.com/harmony-one/harmony/accounts/abi/bind/base.go:156.10,156.29 1 2
github.com/harmony-one/harmony/accounts/abi/bind/base.go:156.29,158.5 1 0
github.com/harmony-one/harmony/accounts/abi/bind/base.go:161.16,163.3 1 0
github.com/harmony-one/harmony/accounts/abi/bind/base.go:168.120,171.16 2 0
github.com/harmony-one/harmony/accounts/abi/bind/base.go:174.2,174.44 1 0
github.com/harmony-one/harmony/accounts/abi/bind/base.go:171.16,173.3 1 0
github.com/harmony-one/harmony/accounts/abi/bind/base.go:179.82,181.2 1 0
github.com/harmony-one/harmony/accounts/abi/bind/base.go:185.122,190.18 3 0
github.com/harmony-one/harmony/accounts/abi/bind/base.go:193.2,194.23 2 0
github.com/harmony-one/harmony/accounts/abi/bind/base.go:203.2,204.21 2 0
github.com/harmony-one/harmony/accounts/abi/bind/base.go:210.2,211.19 2 0
github.com/harmony-one/harmony/accounts/abi/bind/base.go:228.2,229.21 2 0
github.com/harmony-one/harmony/accounts/abi/bind/base.go:234.2,234.24 1 0
github.com/harmony-one/harmony/accounts/abi/bind/base.go:237.2,238.16 2 0
github.com/harmony-one/harmony/accounts/abi/bind/base.go:241.2,241.92 1 0
github.com/harmony-one/harmony/accounts/abi/bind/base.go:244.2,244.22 1 0
github.com/harmony-one/harmony/accounts/abi/bind/base.go:190.18,192.3 1 0
github.com/harmony-one/harmony/accounts/abi/bind/base.go:194.23,196.17 2 0
github.com/harmony-one/harmony/accounts/abi/bind/base.go:196.17,198.4 1 0
github.com/harmony-one/harmony/accounts/abi/bind/base.go:199.8,201.3 1 0
github.com/harmony-one/harmony/accounts/abi/bind/base.go:204.21,206.17 2 0
github.com/harmony-one/harmony/accounts/abi/bind/base.go:206.17,208.4 1 0
github.com/harmony-one/harmony/accounts/abi/bind/base.go:211.19,213.22 1 0
github.com/harmony-one/harmony/accounts/abi/bind/base.go:221.3,223.17 3 0
github.com/harmony-one/harmony/accounts/abi/bind/base.go:213.22,214.99 1 0
github.com/harmony-one/harmony/accounts/abi/bind/base.go:214.99,216.5 1 0
github.com/harmony-one/harmony/accounts/abi/bind/base.go:216.10,216.29 1 0
github.com/harmony-one/harmony/accounts/abi/bind/base.go:216.29,218.5 1 0
github.com/harmony-one/harmony/accounts/abi/bind/base.go:223.17,225.4 1 0
github.com/harmony-one/harmony/accounts/abi/bind/base.go:229.21,231.3 1 0
github.com/harmony-one/harmony/accounts/abi/bind/base.go:231.8,233.3 1 0
github.com/harmony-one/harmony/accounts/abi/bind/base.go:234.24,236.3 1 0
github.com/harmony-one/harmony/accounts/abi/bind/base.go:238.16,240.3 1 0
github.com/harmony-one/harmony/accounts/abi/bind/base.go:241.92,243.3 1 0
github.com/harmony-one/harmony/accounts/abi/bind/base.go:249.135,251.17 1 0
github.com/harmony-one/harmony/accounts/abi/bind/base.go:255.2,258.16 3 0
github.com/harmony-one/harmony/accounts/abi/bind/base.go:262.2,269.21 3 0
github.com/harmony-one/harmony/accounts/abi/bind/base.go:275.2,276.16 2 0
github.com/harmony-one/harmony/accounts/abi/bind/base.go:279.2,279.69 1 0
github.com/harmony-one/harmony/accounts/abi/bind/base.go:290.2,290.16 1 0
github.com/harmony-one/harmony/accounts/abi/bind/base.go:293.2,293.23 1 0
github.com/harmony-one/harmony/accounts/abi/bind/base.go:251.17,253.3 1 0
github.com/harmony-one/harmony/accounts/abi/bind/base.go:258.16,260.3 1 0
github.com/harmony-one/harmony/accounts/abi/bind/base.go:269.21,271.3 1 0
github.com/harmony-one/harmony/accounts/abi/bind/base.go:276.16,278.3 1 0
github.com/harmony-one/harmony/accounts/abi/bind/base.go:279.69,280.28 1 0
github.com/harmony-one/harmony/accounts/abi/bind/base.go:287.3,287.13 1 0
github.com/harmony-one/harmony/accounts/abi/bind/base.go:280.28,281.11 1 0
github.com/harmony-one/harmony/accounts/abi/bind/base.go:282.21,282.21 0 0
github.com/harmony-one/harmony/accounts/abi/bind/base.go:283.16,284.15 1 0
github.com/harmony-one/harmony/accounts/abi/bind/base.go:290.16,292.3 1 0
github.com/harmony-one/harmony/accounts/abi/bind/base.go:298.133,300.17 1 0
github.com/harmony-one/harmony/accounts/abi/bind/base.go:304.2,307.16 3 0
github.com/harmony-one/harmony/accounts/abi/bind/base.go:311.2,317.23 3 0
github.com/harmony-one/harmony/accounts/abi/bind/base.go:320.2,321.16 2 0
github.com/harmony-one/harmony/accounts/abi/bind/base.go:324.2,324.23 1 0
github.com/harmony-one/harmony/accounts/abi/bind/base.go:300.17,302.3 1 0
github.com/harmony-one/harmony/accounts/abi/bind/base.go:307.16,309.3 1 0
github.com/harmony-one/harmony/accounts/abi/bind/base.go:317.23,319.3 1 0
github.com/harmony-one/harmony/accounts/abi/bind/base.go:321.16,323.3 1 0
github.com/harmony-one/harmony/accounts/abi/bind/base.go:328.87,329.23 1 0
github.com/harmony-one/harmony/accounts/abi/bind/base.go:334.2,335.49 2 0
github.com/harmony-one/harmony/accounts/abi/bind/base.go:340.2,340.50 1 0
github.com/harmony-one/harmony/accounts/abi/bind/base.go:329.23,330.60 1 0
github.com/harmony-one/harmony/accounts/abi/bind/base.go:330.60,332.4 1 0
github.com/harmony-one/harmony/accounts/abi/bind/base.go:335.49,336.18 1 0
github.com/harmony-one/harmony/accounts/abi/bind/base.go:336.18,338.4 1 0
github.com/harmony-one/harmony/accounts/abi/bind/base.go:344.105,345.23 1 6
github.com/harmony-one/harmony/accounts/abi/bind/base.go:350.2,351.49 2 6
github.com/harmony-one/harmony/accounts/abi/bind/base.go:356.2,356.57 1 6
github.com/harmony-one/harmony/accounts/abi/bind/base.go:345.23,346.67 1 6
github.com/harmony-one/harmony/accounts/abi/bind/base.go:346.67,348.4 1 0
github.com/harmony-one/harmony/accounts/abi/bind/base.go:351.49,352.18 1 21
github.com/harmony-one/harmony/accounts/abi/bind/base.go:352.18,354.4 1 5
github.com/harmony-one/harmony/accounts/abi/bind/base.go:361.57,362.16 1 2
github.com/harmony-one/harmony/accounts/abi/bind/base.go:365.2,365.12 1 0
github.com/harmony-one/harmony/accounts/abi/bind/base.go:362.16,364.3 1 2
github.com/harmony-one/harmony/accounts/abi/bind/bind.go:49.101,53.34 2 0
github.com/harmony-one/harmony/accounts/abi/bind/bind.go:132.2,146.51 5 0
github.com/harmony-one/harmony/accounts/abi/bind/bind.go:150.2,150.20 1 0
github.com/harmony-one/harmony/accounts/abi/bind/bind.go:158.2,158.29 1 0
github.com/harmony-one/harmony/accounts/abi/bind/bind.go:53.34,56.17 2 0
github.com/harmony-one/harmony/accounts/abi/bind/bind.go:60.3,60.48 1 0
github.com/harmony-one/harmony/accounts/abi/bind/bind.go:68.3,73.43 2 0
github.com/harmony-one/harmony/accounts/abi/bind/bind.go:99.3,99.42 1 0
github.com/harmony-one/harmony/accounts/abi/bind/bind.go:121.3,129.4 1 0
github.com/harmony-one/harmony/accounts/abi/bind/bind.go:56.17,58.4 1 0
github.com/harmony-one/harmony/accounts/abi/bind/bind.go:60.48,61.26 1 0
github.com/harmony-one/harmony/accounts/abi/bind/bind.go:64.4,64.12 1 0
github.com/harmony-one/harmony/accounts/abi/bind/bind.go:61.26,63.5 1 0
github.com/harmony-one/harmony/accounts/abi/bind/bind.go:73.43,80.44 5 0
github.com/harmony-one/harmony/accounts/abi/bind/bind.go:85.4,87.46 3 0
github.com/harmony-one/harmony/accounts/abi/bind/bind.go:93.4,93.22 1 0
github.com/harmony-one/harmony/accounts/abi/bind/bind.go:80.44,81.25 1 0
github.com/harmony-one/harmony/accounts/abi/bind/bind.go:81.25,83.6 1 0
github.com/harmony-one/harmony/accounts/abi/bind/bind.go:87.46,88.26 1 0
github.com/harmony-one/harmony/accounts/abi/bind/bind.go:88.26,90.6 1 0
github.com/harmony-one/harmony/accounts/abi/bind/bind.go:93.22,95.5 1 0
github.com/harmony-one/harmony/accounts/abi/bind/bind.go:95.10,97.5 1 0
github.com/harmony-one/harmony/accounts/abi/bind/bind.go:99.42,101.26 1 0
github.com/harmony-one/harmony/accounts/abi/bind/bind.go:105.4,110.44 5 0
github.com/harmony-one/harmony/accounts/abi/bind/bind.go:119.4,119.82 1 0
github.com/harmony-one/harmony/accounts/abi/bind/bind.go:101.26,102.13 1 0
github.com/harmony-one/harmony/accounts/abi/bind/bind.go:110.44,112.22 1 0
github.com/harmony-one/harmony/accounts/abi/bind/bind.go:112.22,113.26 1 0
github.com/harmony-one/harmony/accounts/abi/bind/bind.go:113.26,115.7 1 0
github.com/harmony-one/harmony/accounts/abi/bind/bind.go:146.51,148.3 1 0
github.com/harmony-one/harmony/accounts/abi/bind/bind.go:150.20,152.17 2 0
github.com/harmony-one/harmony/accounts/abi/bind/bind.go:155.3,155.27 1 0
github.com/harmony-one/harmony/accounts/abi/bind/bind.go:152.17,154.4 1 0
github.com/harmony-one/harmony/accounts/abi/bind/bind.go:176.89,181.32 4 0
github.com/harmony-one/harmony/accounts/abi/bind/bind.go:185.2,185.28 1 0
github.com/harmony-one/harmony/accounts/abi/bind/bind.go:181.32,184.3 1 0
github.com/harmony-one/harmony/accounts/abi/bind/bind.go:190.63,193.44 2 0
github.com/harmony-one/harmony/accounts/abi/bind/bind.go:196.2,197.12 2 0
github.com/harmony-one/harmony/accounts/abi/bind/bind.go:193.44,195.3 1 0
github.com/harmony-one/harmony/accounts/abi/bind/bind.go:203.39,207.2 3 0
github.com/harmony-one/harmony/accounts/abi/bind/bind.go:212.58,214.9 1 0
github.com/harmony-one/harmony/accounts/abi/bind/bind.go:215.48,216.42 1 0
github.com/harmony-one/harmony/accounts/abi/bind/bind.go:218.46,220.58 2 0
github.com/harmony-one/harmony/accounts/abi/bind/bind.go:222.85,224.19 2 0
github.com/harmony-one/harmony/accounts/abi/bind/bind.go:228.3,228.35 1 0
github.com/harmony-one/harmony/accounts/abi/bind/bind.go:230.45,231.29 1 0
github.com/harmony-one/harmony/accounts/abi/bind/bind.go:233.47,234.33 1 0
github.com/harmony-one/harmony/accounts/abi/bind/bind.go:236.10,237.37 1 0
github.com/harmony-one/harmony/accounts/abi/bind/bind.go:225.30,226.68 1 0
github.com/harmony-one/harmony/accounts/abi/bind/bind.go:243.65,246.2 1 0
github.com/harmony-one/harmony/accounts/abi/bind/bind.go:251.41,255.2 3 0
github.com/harmony-one/harmony/accounts/abi/bind/bind.go:260.60,262.9 1 0
github.com/harmony-one/harmony/accounts/abi/bind/bind.go:263.48,265.22 2 0
github.com/harmony-one/harmony/accounts/abi/bind/bind.go:268.3,268.21 1 0
github.com/harmony-one/harmony/accounts/abi/bind/bind.go:271.3,271.36 1 0
github.com/harmony-one/harmony/accounts/abi/bind/bind.go:273.46,275.22 2 0
github.com/harmony-one/harmony/accounts/abi/bind/bind.go:278.3,278.33 1 0
github.com/harmony-one/harmony/accounts/abi/bind/bind.go:280.85,284.22 2 0
github.com/harmony-one/harmony/accounts/abi/bind/bind.go:288.3,296.22 2 0
github.com/harmony-one/harmony/accounts/abi/bind/bind.go:299.3,299.34 1 0
github.com/harmony-one/harmony/accounts/abi/bind/bind.go:301.45,302.32 1 0
github.com/harmony-one/harmony/accounts/abi/bind/bind.go:304.47,305.33 1 0
github.com/harmony-one/harmony/accounts/abi/bind/bind.go:307.10,308.37 1 0
github.com/harmony-one/harmony/accounts/abi/bind/bind.go:265.22,267.4 1 0
github.com/harmony-one/harmony/accounts/abi/bind/bind.go:268.21,270.4 1 0
github.com/harmony-one/harmony/accounts/abi/bind/bind.go:275.22,277.4 1 0
github.com/harmony-one/harmony/accounts/abi/bind/bind.go:284.22,286.4 1 0
github.com/harmony-one/harmony/accounts/abi/bind/bind.go:296.22,298.4 1 0
github.com/harmony-one/harmony/accounts/abi/bind/bind.go:321.44,323.44 2 0
github.com/harmony-one/harmony/accounts/abi/bind/bind.go:326.2,326.14 1 0
github.com/harmony-one/harmony/accounts/abi/bind/bind.go:323.44,325.3 1 0
github.com/harmony-one/harmony/accounts/abi/bind/bind.go:331.46,333.43 2 0
github.com/harmony-one/harmony/accounts/abi/bind/bind.go:336.2,336.14 1 0
github.com/harmony-one/harmony/accounts/abi/bind/bind.go:333.43,335.3 1 0
github.com/harmony-one/harmony/accounts/abi/bind/bind.go:342.42,342.77 1 0
github.com/harmony-one/harmony/accounts/abi/bind/bind.go:348.62,349.18 1 0
github.com/harmony-one/harmony/accounts/abi/bind/bind.go:350.16,351.18 1 0
github.com/harmony-one/harmony/accounts/abi/bind/bind.go:352.18,353.20 1 0
github.com/harmony-one/harmony/accounts/abi/bind/bind.go:354.16,355.18 1 0
github.com/harmony-one/harmony/accounts/abi/bind/bind.go:356.18,357.19 1 0
github.com/harmony-one/harmony/accounts/abi/bind/bind.go:358.17,359.16 1 0
github.com/harmony-one/harmony/accounts/abi/bind/bind.go:360.19,361.17 1 0
github.com/harmony-one/harmony/accounts/abi/bind/bind.go:362.18,363.19 1 0
github.com/harmony-one/harmony/accounts/abi/bind/bind.go:364.10,366.22 2 0
github.com/harmony-one/harmony/accounts/abi/bind/bind.go:369.3,369.19 1 0
github.com/harmony-one/harmony/accounts/abi/bind/bind.go:366.22,368.4 1 0
github.com/harmony-one/harmony/accounts/abi/bind/bind.go:370.30,371.22 1 0
github.com/harmony-one/harmony/accounts/abi/bind/bind.go:374.4,374.66 1 0
github.com/harmony-one/harmony/accounts/abi/bind/bind.go:376.11,377.19 1 0
github.com/harmony-one/harmony/accounts/abi/bind/bind.go:371.22,373.5 1 0
github.com/harmony-one/harmony/accounts/abi/bind/bind.go:390.38,392.2 1 1
github.com/harmony-one/harmony/accounts/abi/bind/bind.go:395.40,396.21 1 0
github.com/harmony-one/harmony/accounts/abi/bind/bind.go:400.2,401.49 2 0
github.com/harmony-one/harmony/accounts/abi/bind/bind.go:396.21,398.3 1 0
github.com/harmony-one/harmony/accounts/abi/bind/bind.go:406.42,407.19 1 0
github.com/harmony-one/harmony/accounts/abi/bind/bind.go:410.2,411.27 2 0
github.com/harmony-one/harmony/accounts/abi/bind/bind.go:424.2,424.13 1 0
github.com/harmony-one/harmony/accounts/abi/bind/bind.go:407.19,409.3 1 0
github.com/harmony-one/harmony/accounts/abi/bind/bind.go:411.27,413.21 1 0
github.com/harmony-one/harmony/accounts/abi/bind/bind.go:418.3,419.35 2 0
github.com/harmony-one/harmony/accounts/abi/bind/bind.go:422.3,422.23 1 0
github.com/harmony-one/harmony/accounts/abi/bind/bind.go:413.21,415.4 1 0
github.com/harmony-one/harmony/accounts/abi/bind/bind.go:419.35,421.4 1 0
github.com/harmony-one/harmony/accounts/abi/bind/topics.go:32.66,34.31 2 1
github.com/harmony-one/harmony/accounts/abi/bind/topics.go:99.2,99.20 1 1
github.com/harmony-one/harmony/accounts/abi/bind/topics.go:34.31,35.31 1 1
github.com/harmony-one/harmony/accounts/abi/bind/topics.go:35.31,39.31 2 1
github.com/harmony-one/harmony/accounts/abi/bind/topics.go:96.4,96.40 1 1
github.com/harmony-one/harmony/accounts/abi/bind/topics.go:40.21,41.28 1 0
github.com/harmony-one/harmony/accounts/abi/bind/topics.go:42.24,43.66 1 0
github.com/harmony-one/harmony/accounts/abi/bind/topics.go:44.18,46.52 2 0
github.com/harmony-one/harmony/accounts/abi/bind/topics.go:47.14,48.13 1 0
github.com/harmony-one/harmony/accounts/abi/bind/topics.go:51.14,53.52 2 0
github.com/harmony-one/harmony/accounts/abi/bind/topics.go:54.15,56.52 2 0
github.com/harmony-one/harmony/accounts/abi/bind/topics.go:57.15,59.52 2 0
github.com/harmony-one/harmony/accounts/abi/bind/topics.go:60.15,62.52 2 0
github.com/harmony-one/harmony/accounts/abi/bind/topics.go:63.15,65.52 2 0
github.com/harmony-one/harmony/accounts/abi/bind/topics.go:66.16,68.52 2 0
github.com/harmony-one/harmony/accounts/abi/bind/topics.go:69.16,71.52 2 0
github.com/harmony-one/harmony/accounts/abi/bind/topics.go:72.16,74.52 2 0
github.com/harmony-one/harmony/accounts/abi/bind/topics.go:75.16,77.28 2 0
github.com/harmony-one/harmony/accounts/abi/bind/topics.go:78.16,80.28 2 0
github.com/harmony-one/harmony/accounts/abi/bind/topics.go:82.12,86.12 2 1
github.com/harmony-one/harmony/accounts/abi/bind/topics.go:48.13,50.6 1 0
github.com/harmony-one/harmony/accounts/abi/bind/topics.go:89.93,90.59 1 1
github.com/harmony-one/harmony/accounts/abi/bind/topics.go:92.13,93.66 1 0
github.com/harmony-one/harmony/accounts/abi/bind/topics.go:113.85,115.32 1 1
github.com/harmony-one/harmony/accounts/abi/bind/topics.go:119.2,119.29 1 1
github.com/harmony-one/harmony/accounts/abi/bind/topics.go:193.2,193.12 1 1
github.com/harmony-one/harmony/accounts/abi/bind/topics.go:115.32,117.3 1 0
github.com/harmony-one/harmony/accounts/abi/bind/topics.go:119.29,120.19 1 1
github.com/harmony-one/harmony/accounts/abi/bind/topics.go:123.3,126.23 2 1
github.com/harmony-one/harmony/accounts/abi/bind/topics.go:191.3,191.22 1 1
github.com/harmony-one/harmony/accounts/abi/bind/topics.go:120.19,122.4 1 0
github.com/harmony-one/harmony/accounts/abi/bind/topics.go:127.21,128.43 1 0
github.com/harmony-one/harmony/accounts/abi/bind/topics.go:131.21,133.49 2 0
github.com/harmony-one/harmony/accounts/abi/bind/topics.go:135.22,137.50 2 0
github.com/harmony-one/harmony/accounts/abi/bind/topics.go:139.22,141.50 2 0
github.com/harmony-one/harmony/accounts/abi/bind/topics.go:143.22,145.43 2 0
github.com/harmony-one/harmony/accounts/abi/bind/topics.go:147.22,149.51 2 0
github.com/harmony-one/harmony/accounts/abi/bind/topics.go:151.23,153.52 2 0
github.com/harmony-one/harmony/accounts/abi/bind/topics.go:155.23,157.52 2 0
github.com/harmony-one/harmony/accounts/abi/bind/topics.go:159.23,161.44 2 0
github.com/harmony-one/harmony/accounts/abi/bind/topics.go:163.11,165.24 1 1
github.com/harmony-one/harmony/accounts/abi/bind/topics.go:128.43,130.5 1 0
github.com/harmony-one/harmony/accounts/abi/bind/topics.go:166.21,167.42 1 0
github.com/harmony-one/harmony/accounts/abi/bind/topics.go:169.24,172.37 3 0
github.com/harmony-one/harmony/accounts/abi/bind/topics.go:174.23,176.36 2 0
github.com/harmony-one/harmony/accounts/abi/bind/topics.go:178.12,180.12 1 1
github.com/harmony-one/harmony/accounts/abi/bind/topics.go:183.41,184.69 1 1
github.com/harmony-one/harmony/accounts/abi/bind/topics.go:186.13,187.65 1 0
github.com/harmony-one/harmony/accounts/abi/bind/topics.go:197.103,199.32 1 6
github.com/harmony-one/harmony/accounts/abi/bind/topics.go:203.2,203.29 1 5
github.com/harmony-one/harmony/accounts/abi/bind/topics.go:240.2,240.12 1 5
github.com/harmony-one/harmony/accounts/abi/bind/topics.go:199.32,201.3 1 1
github.com/harmony-one/harmony/accounts/abi/bind/topics.go:203.29,204.19 1 5
github.com/harmony-one/harmony/accounts/abi/bind/topics.go:208.3,208.21 1 5
github.com/harmony-one/harmony/accounts/abi/bind/topics.go:237.3,237.22 1 5
github.com/harmony-one/harmony/accounts/abi/bind/topics.go:204.19,206.4 1 0
github.com/harmony-one/harmony/accounts/abi/bind/topics.go:209.19,210.55 1 0
github.com/harmony-one/harmony/accounts/abi/bind/topics.go:211.30,213.23 2 0
github.com/harmony-one/harmony/accounts/abi/bind/topics.go:214.22,217.24 3 0
github.com/harmony-one/harmony/accounts/abi/bind/topics.go:218.19,219.29 1 0
github.com/harmony-one/harmony/accounts/abi/bind/topics.go:220.25,221.32 1 0
github.com/harmony-one/harmony/accounts/abi/bind/topics.go:222.60,225.29 1 4
github.com/harmony-one/harmony/accounts/abi/bind/topics.go:226.23,227.72 1 1
github.com/harmony-one/harmony/accounts/abi/bind/topics.go:230.4,232.23 3 1
github.com/harmony-one/harmony/accounts/abi/bind/topics.go:233.11,234.63 1 0
github.com/harmony-one/harmony/accounts/abi/bind/topics.go:227.72,229.5 1 0
github.com/harmony-one/harmony/accounts/abi/bind/util.go:32.101,36.6 4 0
github.com/harmony-one/harmony/accounts/abi/bind/util.go:36.6,38.21 2 0
github.com/harmony-one/harmony/accounts/abi/bind/util.go:41.3,41.17 1 0
github.com/harmony-one/harmony/accounts/abi/bind/util.go:47.3,47.10 1 0
github.com/harmony-one/harmony/accounts/abi/bind/util.go:38.21,40.4 1 0
github.com/harmony-one/harmony/accounts/abi/bind/util.go:41.17,43.4 1 0
github.com/harmony-one/harmony/accounts/abi/bind/util.go:43.9,45.4 1 0
github.com/harmony-one/harmony/accounts/abi/bind/util.go:48.21,49.25 1 0
github.com/harmony-one/harmony/accounts/abi/bind/util.go:50.24,50.24 0 0
github.com/harmony-one/harmony/accounts/abi/bind/util.go:57.104,58.20 1 0
github.com/harmony-one/harmony/accounts/abi/bind/util.go:61.2,62.16 2 0
github.com/harmony-one/harmony/accounts/abi/bind/util.go:65.2,65.51 1 0
github.com/harmony-one/harmony/accounts/abi/bind/util.go:71.2,72.34 2 0
github.com/harmony-one/harmony/accounts/abi/bind/util.go:75.2,75.37 1 0
github.com/harmony-one/harmony/accounts/abi/bind/util.go:58.20,60.3 1 0
github.com/harmony-one/harmony/accounts/abi/bind/util.go:62.16,64.3 1 0
github.com/harmony-one/harmony/accounts/abi/bind/util.go:65.51,67.3 1 0
github.com/harmony-one/harmony/accounts/abi/bind/util.go:72.34,74.3 1 0
github.com/harmony-one/harmony/block/header.go:39.47,53.2 1 0
github.com/harmony-one/harmony/block/header.go:56.33,59.2 2 0
github.com/harmony-one/harmony/block/header.go:62.47,63.14 1 3
github.com/harmony-one/harmony/block/header.go:66.2,66.43 1 3
github.com/harmony-one/harmony/block/header.go:63.14,65.3 1 0
github.com/harmony-one/harmony/block/header.go:70.49,71.14 1 3
github.com/harmony-one/harmony/block/header.go:74.2,75.16 2 3
github.com/harmony-one/harmony/block/header.go:78.2,79.9 2 3
github.com/harmony-one/harmony/block/header.go:84.2,85.12 2 3
github.com/harmony-one/harmony/block/header.go:71.14,73.3 1 0
github.com/harmony-one/harmony/block/header.go:75.16,77.3 1 0
github.com/harmony-one/harmony/block/header.go:79.9,83.3 1 0
github.com/harmony-one/harmony/block/header.go:90.40,92.2 1 0
github.com/harmony-one/harmony/block/header.go:95.65,103.2 2 0
github.com/harmony-one/harmony/block/header.go:115.43,117.2 1 0
github.com/harmony-one/harmony/block/header.go:122.13,124.51 2 1
github.com/harmony-one/harmony/block/header.go:125.2,126.51 2 1
github.com/harmony-one/harmony/block/header.go:127.2,128.51 2 1
github.com/harmony-one/harmony/block/header.go:129.2,130.51 2 1
github.com/harmony-one/harmony/block/header.go:124.51,124.76 1 2
github.com/harmony-one/harmony/block/header.go:126.51,126.76 1 2
github.com/harmony-one/harmony/block/header.go:128.51,128.76 1 2
github.com/harmony-one/harmony/block/header.go:130.51,130.76 1 1
github.com/harmony-one/harmony/block/headerfieldsetter.go:18.84,21.2 2 0
github.com/harmony-one/harmony/block/headerfieldsetter.go:24.83,27.2 2 0
github.com/harmony-one/harmony/block/headerfieldsetter.go:30.72,33.2 2 0
github.com/harmony-one/harmony/block/headerfieldsetter.go:36.76,39.2 2 0
github.com/harmony-one/harmony/block/headerfieldsetter.go:42.86,45.2 2 0
github.com/harmony-one/harmony/block/headerfieldsetter.go:48.102,51.2 2 0
github.com/harmony-one/harmony/block/headerfieldsetter.go:54.102,57.2 2 0
github.com/harmony-one/harmony/block/headerfieldsetter.go:60.74,63.2 2 0
github.com/harmony-one/harmony/block/headerfieldsetter.go:68.73,71.2 2 0
github.com/harmony-one/harmony/block/headerfieldsetter.go:74.75,77.2 2 0
github.com/harmony-one/harmony/block/headerfieldsetter.go:80.73,83.2 2 0
github.com/harmony-one/harmony/block/headerfieldsetter.go:88.69,91.2 2 0
github.com/harmony-one/harmony/block/headerfieldsetter.go:96.69,99.2 2 0
github.com/harmony-one/harmony/block/headerfieldsetter.go:102.82,105.2 2 0
github.com/harmony-one/harmony/block/headerfieldsetter.go:110.73,113.2 2 0
github.com/harmony-one/harmony/block/headerfieldsetter.go:118.71,121.2 2 0
github.com/harmony-one/harmony/block/headerfieldsetter.go:124.73,127.2 2 0
github.com/harmony-one/harmony/block/headerfieldsetter.go:130.99,133.2 2 0
github.com/harmony-one/harmony/block/headerfieldsetter.go:138.91,141.2 2 0
github.com/harmony-one/harmony/block/headerfieldsetter.go:144.92,147.2 2 0
github.com/harmony-one/harmony/block/headerfieldsetter.go:152.65,155.2 2 0
github.com/harmony-one/harmony/block/headerfieldsetter.go:160.65,163.2 2 0
github.com/harmony-one/harmony/block/headerfieldsetter.go:168.79,171.2 2 0
github.com/harmony-one/harmony/block/headerfieldsetter.go:177.79,180.2 2 0
github.com/harmony-one/harmony/block/headerfieldsetter.go:184.45,186.2 1 0
github.com/harmony-one/harmony/block/factory/factory.go:26.58,28.2 1 6
github.com/harmony-one/harmony/block/factory/factory.go:30.59,32.9 2 2
github.com/harmony-one/harmony/block/factory/factory.go:42.2,43.28 2 2
github.com/harmony-one/harmony/block/factory/factory.go:33.75,34.24 1 0
github.com/harmony-one/harmony/block/factory/factory.go:35.40,36.24 1 0
github.com/harmony-one/harmony/block/factory/factory.go:37.45,38.24 1 0
github.com/harmony-one/harmony/block/factory/factory.go:39.10,40.24 1 2
github.com/harmony-one/harmony/block/factory/factory.go:58.36,60.2 1 0
github.com/harmony-one/harmony/consensus/reward/schedule.go:102.25,104.33 2 1
github.com/harmony-one/harmony/consensus/reward/schedule.go:107.3,109.24 1 1
github.com/harmony-one/harmony/consensus/reward/schedule.go:111.3,111.11 1 1
github.com/harmony-one/harmony/consensus/reward/schedule.go:104.33,106.4 1 73
github.com/harmony-one/harmony/consensus/reward/schedule.go:109.24,109.52 1 504
github.com/harmony-one/harmony/consensus/reward/schedule.go:115.33,118.16 3 80
github.com/harmony-one/harmony/consensus/reward/schedule.go:121.2,121.17 1 80
github.com/harmony-one/harmony/consensus/reward/schedule.go:118.16,119.37 1 0
github.com/harmony-one/harmony/consensus/reward/schedule.go:125.51,129.19 3 7
github.com/harmony-one/harmony/consensus/reward/schedule.go:146.2,151.21 2 7
github.com/harmony-one/harmony/consensus/reward/schedule.go:129.19,130.29 1 346
github.com/harmony-one/harmony/consensus/reward/schedule.go:138.3,138.46 1 343
github.com/harmony-one/harmony/consensus/reward/schedule.go:142.3,143.6 2 339
github.com/harmony-one/harmony/consensus/reward/schedule.go:130.29,131.25 1 3
github.com/harmony-one/harmony/consensus/reward/schedule.go:136.4,136.9 1 3
github.com/harmony-one/harmony/consensus/reward/schedule.go:131.25,133.5 1 1
github.com/harmony-one/harmony/consensus/reward/schedule.go:133.10,135.5 1 2
github.com/harmony-one/harmony/consensus/reward/schedule.go:138.46,140.9 2 4
github.com/harmony-one/harmony/consensus/votepower/roster.go:36.47,50.2 1 0
github.com/harmony-one/harmony/consensus/votepower/roster.go:58.33,61.2 2 0
github.com/harmony-one/harmony/consensus/votepower/roster.go:64.24,69.2 1 0
github.com/harmony-one/harmony/consensus/votepower/roster.go:88.49,91.2 2 0
github.com/harmony-one/harmony/consensus/votepower/roster.go:107.33,110.2 2 0
github.com/harmony-one/harmony/consensus/votepower/roster.go:119.58,131.2 1 0
github.com/harmony-one/harmony/consensus/votepower/roster.go:136.42,138.48 2 0
github.com/harmony-one/harmony/consensus/votepower/roster.go:142.2,142.33 1 0
github.com/harmony-one/harmony/consensus/votepower/roster.go:156.2,156.15 1 0
github.com/harmony-one/harmony/consensus/votepower/roster.go:138.48,140.3 1 0
github.com/harmony-one/harmony/consensus/votepower/roster.go:142.33,143.42 1 0
github.com/harmony-one/harmony/consensus/votepower/roster.go:143.42,144.31 1 0
github.com/harmony-one/harmony/consensus/votepower/roster.go:144.31,152.5 2 0
github.com/harmony-one/harmony/consensus/votepower/roster.go:160.73,161.18 1 1
github.com/harmony-one/harmony/consensus/votepower/roster.go:164.2,166.24 2 1
github.com/harmony-one/harmony/consensus/votepower/roster.go:174.2,182.24 7 1
github.com/harmony-one/harmony/consensus/votepower/roster.go:218.2,220.46 1 1
github.com/harmony-one/harmony/consensus/votepower/roster.go:226.2,227.63 1 1
github.com/harmony-one/harmony/consensus/votepower/roster.go:231.2,233.20 3 1
github.com/harmony-one/harmony/consensus/votepower/roster.go:161.18,163.3 1 0
github.com/harmony-one/harmony/consensus/votepower/roster.go:166.24,167.46 1 20
github.com/harmony-one/harmony/consensus/votepower/roster.go:167.46,169.4 1 10
github.com/harmony-one/harmony/consensus/votepower/roster.go:169.9,171.4 1 10
github.com/harmony-one/harmony/consensus/votepower/roster.go:182.24,196.46 2 20
github.com/harmony-one/harmony/consensus/votepower/roster.go:209.3,209.58 1 20
github.com/harmony-one/harmony/consensus/votepower/roster.go:196.46,202.4 5 10
github.com/harmony-one/harmony/consensus/votepower/roster.go:202.9,207.4 4 10
github.com/harmony-one/harmony/consensus/votepower/roster.go:209.58,211.4 1 20
github.com/harmony-one/harmony/consensus/votepower/roster.go:211.9,213.4 1 0
github.com/harmony-one/harmony/consensus/votepower/roster.go:220.46,224.3 2 0
github.com/harmony-one/harmony/consensus/votepower/roster.go:227.63,229.3 1 0
github.com/harmony-one/harmony/consensus/votepower/roster.go:237.40,248.2 2 2
github.com/harmony-one/harmony/core/rawdb/accessors_indexes.go:32.91,34.20 2 16
github.com/harmony-one/harmony/core/rawdb/accessors_indexes.go:37.2,38.54 2 6
github.com/harmony-one/harmony/core/rawdb/accessors_indexes.go:42.2,42.55 1 6
github.com/harmony-one/harmony/core/rawdb/accessors_indexes.go:34.20,36.3 1 10
github.com/harmony-one/harmony/core/rawdb/accessors_indexes.go:38.54,41.3 2 0
github.com/harmony-one/harmony/core/rawdb/accessors_indexes.go:47.66,49.75 1 2
github.com/harmony-one/harmony/core/rawdb/accessors_indexes.go:71.2,71.42 1 2
github.com/harmony-one/harmony/core/rawdb/accessors_indexes.go:74.2,74.49 1 2
github.com/harmony-one/harmony/core/rawdb/accessors_indexes.go:49.75,57.17 4 6
github.com/harmony-one/harmony/core/rawdb/accessors_indexes.go:61.3,62.16 2 6
github.com/harmony-one/harmony/core/rawdb/accessors_indexes.go:67.3,67.20 1 6
github.com/harmony-one/harmony/core/rawdb/accessors_indexes.go:57.17,59.4 1 0
github.com/harmony-one/harmony/core/rawdb/accessors_indexes.go:62.16,64.4 1 2
github.com/harmony-one/harmony/core/rawdb/accessors_indexes.go:64.9,66.4 1 4
github.com/harmony-one/harmony/core/rawdb/accessors_indexes.go:67.20,69.4 1 0
github.com/harmony-one/harmony/core/rawdb/accessors_indexes.go:71.42,73.3 1 4
github.com/harmony-one/harmony/core/rawdb/accessors_indexes.go:74.49,76.3 1 2
github.com/harmony-one/harmony/core/rawdb/accessors_indexes.go:80.64,82.2 1 6
github.com/harmony-one/harmony/core/rawdb/accessors_indexes.go:86.109,88.34 2 10
github.com/harmony-one/harmony/core/rawdb/accessors_indexes.go:91.2,92.17 2 4
github.com/harmony-one/harmony/core/rawdb/accessors_indexes.go:100.2,101.64 2 4
github.com/harmony-one/harmony/core/rawdb/accessors_indexes.go:109.2,109.44 1 3
github.com/harmony-one/harmony/core/rawdb/accessors_indexes.go:88.34,90.3 1 6
github.com/harmony-one/harmony/core/rawdb/accessors_indexes.go:92.17,99.3 2 0
github.com/harmony-one/harmony/core/rawdb/accessors_indexes.go:101.64,108.3 2 1
github.com/harmony-one/harmony/core/rawdb/accessors_indexes.go:116.125,118.34 2 6
github.com/harmony-one/harmony/core/rawdb/accessors_indexes.go:121.2,122.17 2 2
github.com/harmony-one/harmony/core/rawdb/accessors_indexes.go:130.2,131.64 2 2
github.com/harmony-one/harmony/core/rawdb/accessors_indexes.go:139.2,139.44 1 1
github.com/harmony-one/harmony/core/rawdb/accessors_indexes.go:118.34,120.3 1 4
github.com/harmony-one/harmony/core/rawdb/accessors_indexes.go:122.17,129.3 2 0
github.com/harmony-one/harmony/core/rawdb/accessors_indexes.go:131.64,138.3 2 1
github.com/harmony-one/harmony/core/rawdb/accessors_indexes.go:144.101,146.34 2 0
github.com/harmony-one/harmony/core/rawdb/accessors_indexes.go:150.2,151.40 2 0
github.com/harmony-one/harmony/core/rawdb/accessors_indexes.go:159.2,159.69 1 0
github.com/harmony-one/harmony/core/rawdb/accessors_indexes.go:146.34,148.3 1 0
github.com/harmony-one/harmony/core/rawdb/accessors_indexes.go:151.40,158.3 2 0
github.com/harmony-one/harmony/core/rawdb/accessors_indexes.go:164.99,166.2 1 0
github.com/harmony-one/harmony/core/rawdb/accessors_indexes.go:170.97,171.71 1 0
github.com/harmony-one/harmony/core/rawdb/accessors_indexes.go:171.71,173.3 1 0
github.com/harmony-one/harmony/core/rawdb/accessors_indexes.go:180.91,182.20 2 0
github.com/harmony-one/harmony/core/rawdb/accessors_indexes.go:185.2,186.54 2 0
github.com/harmony-one/harmony/core/rawdb/accessors_indexes.go:190.2,190.55 1 0
github.com/harmony-one/harmony/core/rawdb/accessors_indexes.go:182.20,184.3 1 0
github.com/harmony-one/harmony/core/rawdb/accessors_indexes.go:186.54,189.3 2 0
github.com/harmony-one/harmony/core/rawdb/accessors_indexes.go:195.66,197.47 2 0
github.com/harmony-one/harmony/core/rawdb/accessors_indexes.go:197.47,198.35 1 0
github.com/harmony-one/harmony/core/rawdb/accessors_indexes.go:212.3,212.35 1 0
github.com/harmony-one/harmony/core/rawdb/accessors_indexes.go:198.35,205.18 3 0
github.com/harmony-one/harmony/core/rawdb/accessors_indexes.go:208.4,208.63 1 0
github.com/harmony-one/harmony/core/rawdb/accessors_indexes.go:205.18,207.5 1 0
github.com/harmony-one/harmony/core/rawdb/accessors_indexes.go:208.63,210.5 1 0
github.com/harmony-one/harmony/core/rawdb/accessors_indexes.go:217.64,219.2 1 0
github.com/harmony-one/harmony/core/rawdb/accessors_indexes.go:223.105,225.34 2 0
github.com/harmony-one/harmony/core/rawdb/accessors_indexes.go:228.2,229.17 2 0
github.com/harmony-one/harmony/core/rawdb/accessors_indexes.go:237.2,238.15 2 0
github.com/harmony-one/harmony/core/rawdb/accessors_indexes.go:246.2,246.44 1 0
github.com/harmony-one/harmony/core/rawdb/accessors_indexes.go:225.34,227.3 1 0
github.com/harmony-one/harmony/core/rawdb/accessors_indexes.go:229.17,236.3 2 0
github.com/harmony-one/harmony/core/rawdb/accessors_indexes.go:238.15,245.3 2 0
github.com/harmony-one/harmony/core/rawdb/accessors_metadata.go:30.49,37.2 4 0
github.com/harmony-one/harmony/core/rawdb/accessors_metadata.go:40.59,42.57 2 0
github.com/harmony-one/harmony/core/rawdb/accessors_metadata.go:42.57,44.3 1 0
github.com/harmony-one/harmony/core/rawdb/accessors_metadata.go:48.79,50.20 2 0
github.com/harmony-one/harmony/core/rawdb/accessors_metadata.go:53.2,54.54 2 0
github.com/harmony-one/harmony/core/rawdb/accessors_metadata.go:58.2,58.16 1 0
github.com/harmony-one/harmony/core/rawdb/accessors_metadata.go:50.20,52.3 1 0
github.com/harmony-one/harmony/core/rawdb/accessors_metadata.go:54.54,57.3 2 0
github.com/harmony-one/harmony/core/rawdb/accessors_metadata.go:62.85,63.16 1 0
github.com/harmony-one/harmony/core/rawdb/accessors_metadata.go:66.2,67.16 2 0
github.com/harmony-one/harmony/core/rawdb/accessors_metadata.go:70.2,70.54 1 0
github.com/harmony-one/harmony/core/rawdb/accessors_metadata.go:63.16,65.3 1 0
github.com/harmony-one/harmony/core/rawdb/accessors_metadata.go:67.16,69.3 1 0
github.com/harmony-one/harmony/core/rawdb/accessors_metadata.go:70.54,72.3 1 0
github.com/harmony-one/harmony/core/rawdb/accessors_metadata.go:76.63,79.2 2 0
github.com/harmony-one/harmony/core/rawdb/accessors_metadata.go:83.89,84.40 1 0
github.com/harmony-one/harmony/core/rawdb/accessors_metadata.go:89.2,90.47 2 0
github.com/harmony-one/harmony/core/rawdb/accessors_metadata.go:84.40,85.61 1 0
github.com/harmony-one/harmony/core/rawdb/accessors_metadata.go:85.61,87.4 1 0
github.com/harmony-one/harmony/core/rawdb/accessors_offchain.go:18.25,20.16 2 0
github.com/harmony-one/harmony/core/rawdb/accessors_offchain.go:23.2,24.17 2 0
github.com/harmony-one/harmony/core/rawdb/accessors_offchain.go:29.2,29.16 1 0
github.com/harmony-one/harmony/core/rawdb/accessors_offchain.go:20.16,22.3 1 0
github.com/harmony-one/harmony/core/rawdb/accessors_offchain.go:24.17,28.3 1 0
github.com/harmony-one/harmony/core/rawdb/accessors_offchain.go:33.81,34.59 1 0
github.com/harmony-one/harmony/core/rawdb/accessors_offchain.go:39.2,42.12 2 0
github.com/harmony-one/harmony/core/rawdb/accessors_offchain.go:34.59,38.3 1 0
github.com/harmony-one/harmony/core/rawdb/accessors_offchain.go:48.19,50.2 1 0
github.com/harmony-one/harmony/core/rawdb/accessors_offchain.go:53.102,55.2 1 0
github.com/harmony-one/harmony/core/rawdb/accessors_offchain.go:58.91,60.2 1 0
github.com/harmony-one/harmony/core/rawdb/accessors_offchain.go:63.80,65.2 1 0
github.com/harmony-one/harmony/core/rawdb/accessors_offchain.go:68.84,70.2 1 0
github.com/harmony-one/harmony/core/rawdb/accessors_offchain.go:73.63,75.2 1 0
github.com/harmony-one/harmony/core/rawdb/accessors_offchain.go:78.68,80.2 1 0
github.com/harmony-one/harmony/core/rawdb/accessors_offchain.go:83.76,85.2 1 0
github.com/harmony-one/harmony/core/rawdb/accessors_offchain.go:88.115,90.34 2 0
github.com/harmony-one/harmony/core/rawdb/accessors_offchain.go:94.2,95.59 2 0
github.com/harmony-one/harmony/core/rawdb/accessors_offchain.go:98.2,98.24 1 0
github.com/harmony-one/harmony/core/rawdb/accessors_offchain.go:90.34,93.3 2 0
github.com/harmony-one/harmony/core/rawdb/accessors_offchain.go:95.59,97.3 1 0
github.com/harmony-one/harmony/core/rawdb/accessors_offchain.go:102.123,104.16 2 0
github.com/harmony-one/harmony/core/rawdb/accessors_offchain.go:108.2,108.75 1 0
github.com/harmony-one/harmony/core/rawdb/accessors_offchain.go:111.2,111.12 1 0
github.com/harmony-one/harmony/core/rawdb/accessors_offchain.go:104.16,106.3 1 0
github.com/harmony-one/harmony/core/rawdb/accessors_offchain.go:108.75,110.3 1 0
github.com/harmony-one/harmony/core/rawdb/accessors_offchain.go:115.95,117.34 2 0
github.com/harmony-one/harmony/core/rawdb/accessors_offchain.go:120.2,120.21 1 0
github.com/harmony-one/harmony/core/rawdb/accessors_offchain.go:117.34,119.3 1 0
github.com/harmony-one/harmony/core/rawdb/accessors_offchain.go:124.86,128.2 3 0
github.com/harmony-one/harmony/core/rawdb/accessors_offchain.go:131.84,132.70 1 0
github.com/harmony-one/harmony/core/rawdb/accessors_offchain.go:132.70,134.3 1 0
github.com/harmony-one/harmony/core/rawdb/accessors_offchain.go:140.39,142.34 2 0
github.com/harmony-one/harmony/core/rawdb/accessors_offchain.go:146.2,147.50 2 0
github.com/harmony-one/harmony/core/rawdb/accessors_offchain.go:153.2,154.16 2 0
github.com/harmony-one/harmony/core/rawdb/accessors_offchain.go:142.34,145.3 2 0
github.com/harmony-one/harmony/core/rawdb/accessors_offchain.go:147.50,152.3 2 0
github.com/harmony-one/harmony/core/rawdb/accessors_offchain.go:158.102,160.16 2 0
github.com/harmony-one/harmony/core/rawdb/accessors_offchain.go:164.2,164.81 1 0
github.com/harmony-one/harmony/core/rawdb/accessors_offchain.go:168.2,168.12 1 0
github.com/harmony-one/harmony/core/rawdb/accessors_offchain.go:160.16,163.3 2 0
github.com/harmony-one/harmony/core/rawdb/accessors_offchain.go:164.81,167.3 2 0
github.com/harmony-one/harmony/core/rawdb/accessors_offchain.go:172.87,173.69 1 0
github.com/harmony-one/harmony/core/rawdb/accessors_offchain.go:173.69,175.3 1 0
github.com/harmony-one/harmony/core/rawdb/accessors_offchain.go:179.68,180.59 1 0
github.com/harmony-one/harmony/core/rawdb/accessors_offchain.go:180.59,182.3 1 0
github.com/harmony-one/harmony/core/rawdb/accessors_offchain.go:188.36,190.16 2 0
github.com/harmony-one/harmony/core/rawdb/accessors_offchain.go:193.2,194.54 2 0
github.com/harmony-one/harmony/core/rawdb/accessors_offchain.go:197.2,197.20 1 0
github.com/harmony-one/harmony/core/rawdb/accessors_offchain.go:190.16,192.3 1 0
github.com/harmony-one/harmony/core/rawdb/accessors_offchain.go:194.54,196.3 1 0
github.com/harmony-one/harmony/core/rawdb/accessors_offchain.go:203.9,205.16 2 0
github.com/harmony-one/harmony/core/rawdb/accessors_offchain.go:209.2,209.66 1 0
github.com/harmony-one/harmony/core/rawdb/accessors_offchain.go:213.2,213.12 1 0
github.com/harmony-one/harmony/core/rawdb/accessors_offchain.go:205.16,208.3 2 0
github.com/harmony-one/harmony/core/rawdb/accessors_offchain.go:209.66,212.3 2 0
github.com/harmony-one/harmony/core/rawdb/accessors_offchain.go:217.69,220.34 3 0
github.com/harmony-one/harmony/core/rawdb/accessors_offchain.go:223.2,224.54 2 0
github.com/harmony-one/harmony/core/rawdb/accessors_offchain.go:228.2,228.19 1 0
github.com/harmony-one/harmony/core/rawdb/accessors_offchain.go:220.34,222.3 1 0
github.com/harmony-one/harmony/core/rawdb/accessors_offchain.go:224.54,227.3 2 0
github.com/harmony-one/harmony/core/rawdb/accessors_offchain.go:234.9,238.16 3 0
github.com/harmony-one/harmony/core/rawdb/accessors_offchain.go:241.2,241.27 1 0
github.com/harmony-one/harmony/core/rawdb/accessors_offchain.go:238.16,240.3 1 0
github.com/harmony-one/harmony/core/rawdb/accessors_offchain.go:246.113,248.34 2 0
github.com/harmony-one/harmony/core/rawdb/accessors_offchain.go:251.2,252.54 2 0
github.com/harmony-one/harmony/core/rawdb/accessors_offchain.go:256.2,256.19 1 0
github.com/harmony-one/harmony/core/rawdb/accessors_offchain.go:248.34,250.3 1 0
github.com/harmony-one/harmony/core/rawdb/accessors_offchain.go:252.54,255.3 2 0
github.com/harmony-one/harmony/core/rawdb/accessors_offchain.go:260.120,262.16 2 0
github.com/harmony-one/harmony/core/rawdb/accessors_offchain.go:265.2,265.76 1 0
github.com/harmony-one/harmony/core/rawdb/accessors_offchain.go:268.2,268.12 1 0
github.com/harmony-one/harmony/core/rawdb/accessors_offchain.go:262.16,264.3 1 0
github.com/harmony-one/harmony/core/rawdb/accessors_offchain.go:265.76,267.3 1 0
github.com/harmony-one/harmony/core/rawdb/accessors_offchain.go:272.85,274.16 2 0
github.com/harmony-one/harmony/core/rawdb/accessors_offchain.go:277.2,277.41 1 0
github.com/harmony-one/harmony/core/rawdb/accessors_offchain.go:274.16,276.3 1 0
github.com/harmony-one/harmony/core/rawdb/accessors_offchain.go:281.93,283.2 1 0
github.com/harmony-one/harmony/core/rawdb/accessors_offchain.go:286.77,289.16 3 0
github.com/harmony-one/harmony/core/rawdb/accessors_offchain.go:297.2,297.18 1 0
github.com/harmony-one/harmony/core/rawdb/accessors_offchain.go:289.16,293.17 2 0
github.com/harmony-one/harmony/core/rawdb/accessors_offchain.go:293.17,295.4 1 0
[...]
github.com/harmony-one/harmony/staking/types/messages.go:130.32,132.3 1 2
github.com/harmony-one/harmony/staking/types/messages.go:133.33,135.3 1 2
github.com/harmony-one/harmony/staking/types/messages.go:136.30,139.3 2 2
github.com/harmony-one/harmony/staking/types/messages.go:140.27,143.3 2 2
github.com/harmony-one/harmony/staking/types/messages.go:144.30,147.3 2 2
github.com/harmony-one/harmony/staking/types/messages.go:159.36,161.2 1 1
github.com/harmony-one/harmony/staking/types/messages.go:164.35,169.21 2 3
github.com/harmony-one/harmony/staking/types/messages.go:172.2,172.11 1 3
github.com/harmony-one/harmony/staking/types/messages.go:169.21,171.3 1 1
github.com/harmony-one/harmony/staking/types/messages.go:183.38,185.2 1 1
github.com/harmony-one/harmony/staking/types/messages.go:188.37,193.21 2 3
github.com/harmony-one/harmony/staking/types/messages.go:196.2,196.11 1 3
github.com/harmony-one/harmony/staking/types/messages.go:193.21,195.3 1 2
github.com/harmony-one/harmony/staking/types/messages.go:205.42,207.2 1 1
github.com/harmony-one/harmony/staking/types/messages.go:210.41,214.2 1 2
github.com/harmony-one/harmony/staking/types/sign.go:38.97,41.16 3 0
github.com/harmony-one/harmony/staking/types/sign.go:44.2,44.33 1 0
github.com/harmony-one/harmony/staking/types/sign.go:41.16,43.3 1 0
github.com/harmony-one/harmony/staking/types/sign.go:54.76,55.37 1 0
github.com/harmony-one/harmony/staking/types/sign.go:64.2,65.16 2 0
github.com/harmony-one/harmony/staking/types/sign.go:68.2,69.18 2 0
github.com/harmony-one/harmony/staking/types/sign.go:55.37,60.36 2 0
github.com/harmony-one/harmony/staking/types/sign.go:60.36,62.4 1 0
github.com/harmony-one/harmony/staking/types/sign.go:65.16,67.3 1 0
github.com/harmony-one/harmony/staking/types/sign.go:92.53,93.20 1 0
github.com/harmony-one/harmony/staking/types/sign.go:96.2,99.3 1 0
github.com/harmony-one/harmony/staking/types/sign.go:93.20,95.3 1 0
github.com/harmony-one/harmony/staking/types/sign.go:103.45,106.2 2 0
github.com/harmony-one/harmony/staking/types/sign.go:114.78,115.38 1 0
github.com/harmony-one/harmony/staking/types/sign.go:118.2,120.64 3 0
github.com/harmony-one/harmony/staking/types/sign.go:115.38,117.3 1 0
github.com/harmony-one/harmony/staking/types/sign.go:127.33,128.86 1 0
github.com/harmony-one/harmony/staking/types/sign.go:137.2,138.16 2 0
github.com/harmony-one/harmony/staking/types/sign.go:141.2,141.27 1 0
github.com/harmony-one/harmony/staking/types/sign.go:145.2,145.21 1 0
github.com/harmony-one/harmony/staking/types/sign.go:128.86,129.21 1 0
github.com/harmony-one/harmony/staking/types/sign.go:132.3,135.22 4 0
github.com/harmony-one/harmony/staking/types/sign.go:129.21,130.77 1 0
github.com/harmony-one/harmony/staking/types/sign.go:138.16,140.3 1 0
github.com/harmony-one/harmony/staking/types/sign.go:141.27,144.3 2 0
github.com/harmony-one/harmony/staking/types/sign.go:150.64,159.2 1 0
github.com/harmony-one/harmony/staking/types/sign.go:163.27,164.21 1 0
github.com/harmony-one/harmony/staking/types/sign.go:167.2,168.57 2 0
github.com/harmony-one/harmony/staking/types/sign.go:172.2,179.16 7 0
github.com/harmony-one/harmony/staking/types/sign.go:182.2,182.34 1 0
github.com/harmony-one/harmony/staking/types/sign.go:185.2,187.18 3 0
github.com/harmony-one/harmony/staking/types/sign.go:164.21,166.3 1 0
github.com/harmony-one/harmony/staking/types/sign.go:168.57,170.3 1 0
github.com/harmony-one/harmony/staking/types/sign.go:179.16,181.3 1 0
github.com/harmony-one/harmony/staking/types/sign.go:182.34,184.3 1 0
github.com/harmony-one/harmony/staking/types/sign.go:191.41,192.22 1 0
github.com/harmony-one/harmony/staking/types/sign.go:199.2,200.32 2 0
github.com/harmony-one/harmony/staking/types/sign.go:192.22,194.25 2 0
github.com/harmony-one/harmony/staking/types/sign.go:197.3,197.46 1 0
github.com/harmony-one/harmony/staking/types/sign.go:194.25,196.4 1 0
github.com/harmony-one/harmony/staking/types/transaction.go:35.39,41.24 5 1
github.com/harmony-one/harmony/staking/types/transaction.go:44.2,48.35 3 1
github.com/harmony-one/harmony/staking/types/transaction.go:54.2,57.28 4 1
github.com/harmony-one/harmony/staking/types/transaction.go:41.24,43.3 1 0
github.com/harmony-one/harmony/staking/types/transaction.go:48.35,51.3 2 0
github.com/harmony-one/harmony/staking/types/transaction.go:51.8,53.3 1 1
github.com/harmony-one/harmony/staking/types/transaction.go:60.47,61.17 1 1
github.com/harmony-one/harmony/staking/types/transaction.go:64.2,65.14 2 0
github.com/harmony-one/harmony/staking/types/transaction.go:61.17,63.3 1 1
github.com/harmony-one/harmony/staking/types/transaction.go:83.32,98.2 3 6
github.com/harmony-one/harmony/staking/types/transaction.go:109.40,109.57 1 0
github.com/harmony-one/harmony/staking/types/transaction.go:112.51,115.2 2 0
github.com/harmony-one/harmony/staking/types/transaction.go:119.50,120.41 1 2
github.com/harmony-one/harmony/staking/types/transaction.go:123.2,125.10 3 1
github.com/harmony-one/harmony/staking/types/transaction.go:120.41,122.3 1 1
github.com/harmony-one/harmony/staking/types/transaction.go:129.58,133.2 3 1
github.com/harmony-one/harmony/staking/types/transaction.go:136.101,138.16 2 0
github.com/harmony-one/harmony/staking/types/transaction.go:141.2,143.17 3 0
github.com/harmony-one/harmony/staking/types/transaction.go:138.16,140.3 1 0
github.com/harmony-one/harmony/staking/types/transaction.go:147.44,149.2 1 1
github.com/harmony-one/harmony/staking/types/transaction.go:152.51,154.2 1 1
github.com/harmony-one/harmony/staking/types/transaction.go:157.56,159.26 2 2
github.com/harmony-one/harmony/staking/types/transaction.go:181.2,181.19 1 2
github.com/harmony-one/harmony/staking/types/transaction.go:160.32,162.17 2 1
github.com/harmony-one/harmony/staking/types/transaction.go:165.3,166.10 2 1
github.com/harmony-one/harmony/staking/types/transaction.go:169.3,169.34 1 1
github.com/harmony-one/harmony/staking/types/transaction.go:170.25,172.17 2 1
github.com/harmony-one/harmony/staking/types/transaction.go:175.3,176.10 2 1
github.com/harmony-one/harmony/staking/types/transaction.go:179.3,179.34 1 1
github.com/harmony-one/harmony/staking/types/transaction.go:162.17,164.4 1 0
github.com/harmony-one/harmony/staking/types/transaction.go:166.10,168.4 1 0
github.com/harmony-one/harmony/staking/types/transaction.go:172.17,174.4 1 0
github.com/harmony-one/harmony/staking/types/transaction.go:176.10,178.4 1 0
github.com/harmony-one/harmony/staking/types/transaction.go:185.50,187.2 1 0
github.com/harmony-one/harmony/staking/types/transaction.go:190.48,192.2 1 0
github.com/harmony-one/harmony/staking/types/transaction.go:195.60,197.2 1 1
github.com/harmony-one/harmony/staking/types/transaction.go:200.62,203.16 3 0
github.com/harmony-one/harmony/staking/types/transaction.go:206.2,206.16 1 0
github.com/harmony-one/harmony/staking/types/transaction.go:209.2,209.12 1 0
github.com/harmony-one/harmony/staking/types/transaction.go:203.16,205.3 1 0
github.com/harmony-one/harmony/staking/types/transaction.go:206.16,208.3 1 0
github.com/harmony-one/harmony/staking/types/transaction.go:213.46,215.2 1 1
github.com/harmony-one/harmony/staking/types/transaction.go:218.74,220.2 1 4
github.com/harmony-one/harmony/staking/types/transaction.go:223.48,225.2 1 0
github.com/harmony-one/harmony/staking/types/transaction.go:228.52,230.2 1 0
github.com/harmony-one/harmony/staking/types/transaction.go:233.45,235.16 2 3
github.com/harmony-one/harmony/staking/types/transaction.go:238.2,238.13 1 3
github.com/harmony-one/harmony/staking/types/transaction.go:235.16,237.3 1 0
github.com/harmony-one/harmony/staking/types/transaction.go:242.48,244.2 1 0
github.com/harmony-one/harmony/staking/types/transaction.go:247.57,248.41 1 0
github.com/harmony-one/harmony/staking/types/transaction.go:251.2,254.30 4 0
github.com/harmony-one/harmony/staking/types/transaction.go:248.41,250.3 1 0
github.com/harmony-one/harmony/staking/types/transaction.go:259.53,262.2 2 0
github.com/harmony-one/harmony/staking/types/transaction.go:265.74,269.40 3 5
github.com/harmony-one/harmony/staking/types/transaction.go:289.2,291.17 2 5
github.com/harmony-one/harmony/staking/types/transaction.go:295.2,295.16 1 4
github.com/harmony-one/harmony/staking/types/transaction.go:270.13,271.36 1 0
github.com/harmony-one/harmony/staking/types/transaction.go:272.10,273.12 1 5
github.com/harmony-one/harmony/staking/types/transaction.go:274.33,275.27 1 3
github.com/harmony-one/harmony/staking/types/transaction.go:276.31,277.25 1 0
github.com/harmony-one/harmony/staking/types/transaction.go:278.26,279.20 1 2
github.com/harmony-one/harmony/staking/types/transaction.go:280.28,281.22 1 0
github.com/harmony-one/harmony/staking/types/transaction.go:282.32,283.26 1 0
github.com/harmony-one/harmony/staking/types/transaction.go:284.11,285.19 1 0
github.com/harmony-one/harmony/staking/types/transaction.go:291.17,293.3 1 1
github.com/harmony-one/harmony/staking/types/transaction.go:299.83,301.2 1 0
github.com/harmony-one/harmony/staking/types/transaction.go:304.55,306.2 1 2
github.com/harmony-one/harmony/staking/types/transaction.go:309.60,311.2 1 0
github.com/harmony-one/harmony/staking/types/transaction.go:314.71,316.16 2 0
github.com/harmony-one/harmony/staking/types/transaction.go:319.2,319.18 1 0
github.com/harmony-one/harmony/staking/types/transaction.go:316.16,318.3 1 0
github.com/harmony-one/harmony/staking/types/validator.go:114.35,117.2 2 0
github.com/harmony-one/harmony/staking/types/validator.go:124.29,126.2 1 0
github.com/harmony-one/harmony/staking/types/validator.go:129.38,136.2 1 1
github.com/harmony-one/harmony/staking/types/validator.go:167.43,170.2 2 0
github.com/harmony-one/harmony/staking/types/validator.go:173.57,183.2 1 0
github.com/harmony-one/harmony/staking/types/validator.go:215.41,218.2 2 0
github.com/harmony-one/harmony/staking/types/validator.go:253.41,254.44 1 23
github.com/harmony-one/harmony/staking/types/validator.go:258.2,258.29 1 21
github.com/harmony-one/harmony/staking/types/validator.go:262.2,262.53 1 20
github.com/harmony-one/harmony/staking/types/validator.go:269.2,269.32 1 20
github.com/harmony-one/harmony/staking/types/validator.go:273.2,273.33 1 19
github.com/harmony-one/harmony/staking/types/validator.go:278.2,278.47 1 18
github.com/harmony-one/harmony/staking/types/validator.go:286.2,286.55 1 17
github.com/harmony-one/harmony/staking/types/validator.go:295.2,295.57 1 16
github.com/harmony-one/harmony/staking/types/validator.go:301.2,301.63 1 14
github.com/harmony-one/harmony/staking/types/validator.go:307.2,307.75 1 12
github.com/harmony-one/harmony/staking/types/validator.go:313.2,313.26 1 10
github.com/harmony-one/harmony/staking/types/validator.go:320.2,320.35 1 9
github.com/harmony-one/harmony/staking/types/validator.go:327.2,328.31 2 8
github.com/harmony-one/harmony/staking/types/validator.go:335.2,335.12 1 7
github.com/harmony-one/harmony/staking/types/validator.go:254.44,256.3 1 2
github.com/harmony-one/harmony/staking/types/validator.go:258.29,260.3 1 1
github.com/harmony-one/harmony/staking/types/validator.go:262.53,267.3 1 0
github.com/harmony-one/harmony/staking/types/validator.go:269.32,271.3 1 1
github.com/harmony-one/harmony/staking/types/validator.go:273.33,275.3 1 1
github.com/harmony-one/harmony/staking/types/validator.go:278.47,283.3 1 1
github.com/harmony-one/harmony/staking/types/validator.go:286.55,293.3 1 1
github.com/harmony-one/harmony/staking/types/validator.go:295.57,299.3 1 2
github.com/harmony-one/harmony/staking/types/validator.go:301.63,305.3 1 2
github.com/harmony-one/harmony/staking/types/validator.go:307.75,311.3 1 2
github.com/harmony-one/harmony/staking/types/validator.go:313.26,318.3 1 1
github.com/harmony-one/harmony/staking/types/validator.go:320.35,325.3 1 1
github.com/harmony-one/harmony/staking/types/validator.go:328.31,329.46 1 9
github.com/harmony-one/harmony/staking/types/validator.go:329.46,331.4 1 8
github.com/harmony-one/harmony/staking/types/validator.go:331.9,333.4 1 1
github.com/harmony-one/harmony/staking/types/validator.go:339.55,341.38 2 5
github.com/harmony-one/harmony/staking/types/validator.go:344.2,344.14 1 5
github.com/harmony-one/harmony/staking/types/validator.go:341.38,343.3 1 10
github.com/harmony-one/harmony/staking/types/validator.go:353.48,354.50 1 7
github.com/harmony-one/harmony/staking/types/validator.go:358.2,358.28 1 6
github.com/harmony-one/harmony/staking/types/validator.go:375.2,377.61 2 4
github.com/harmony-one/harmony/staking/types/validator.go:385.2,385.12 1 2
github.com/harmony-one/harmony/staking/types/validator.go:354.50,356.3 1 1
github.com/harmony-one/harmony/staking/types/validator.go:359.9,362.4 1 1
github.com/harmony-one/harmony/staking/types/validator.go:363.10,365.67 1 5
github.com/harmony-one/harmony/staking/types/validator.go:365.67,366.36 1 1
github.com/harmony-one/harmony/staking/types/validator.go:366.36,372.5 1 1
github.com/harmony-one/harmony/staking/types/validator.go:377.61,384.3 1 2
github.com/harmony-one/harmony/staking/types/validator.go:398.60,400.2 1 1
github.com/harmony-one/harmony/staking/types/validator.go:403.55,407.2 3 1
github.com/harmony-one/harmony/staking/types/validator.go:411.65,413.19 2 21
github.com/harmony-one/harmony/staking/types/validator.go:416.2,416.23 1 21
github.com/harmony-one/harmony/staking/types/validator.go:419.2,419.22 1 21
github.com/harmony-one/harmony/staking/types/validator.go:422.2,422.30 1 21
github.com/harmony-one/harmony/staking/types/validator.go:425.2,425.22 1 21
github.com/harmony-one/harmony/staking/types/validator.go:429.2,429.31 1 21
github.com/harmony-one/harmony/staking/types/validator.go:413.19,415.3 1 3
github.com/harmony-one/harmony/staking/types/validator.go:416.23,418.3 1 2
github.com/harmony-one/harmony/staking/types/validator.go:419.22,421.3 1 3
github.com/harmony-one/harmony/staking/types/validator.go:422.30,424.3 1 2
github.com/harmony-one/harmony/staking/types/validator.go:425.22,427.3 1 3
github.com/harmony-one/harmony/staking/types/validator.go:433.58,434.33 1 55
github.com/harmony-one/harmony/staking/types/validator.go:439.2,439.41 1 50
github.com/harmony-one/harmony/staking/types/validator.go:444.2,444.39 1 49
github.com/harmony-one/harmony/staking/types/validator.go:449.2,449.55 1 47
github.com/harmony-one/harmony/staking/types/validator.go:454.2,454.39 1 46
github.com/harmony-one/harmony/staking/types/validator.go:460.2,460.15 1 45
github.com/harmony-one/harmony/staking/types/validator.go:434.33,438.3 1 5
github.com/harmony-one/harmony/staking/types/validator.go:439.41,443.3 1 1
github.com/harmony-one/harmony/staking/types/validator.go:444.39,448.3 1 2
github.com/harmony-one/harmony/staking/types/validator.go:449.55,453.3 1 1
github.com/harmony-one/harmony/staking/types/validator.go:454.39,458.3 1 1
github.com/harmony-one/harmony/staking/types/validator.go:465.99,466.37 1 8
github.com/harmony-one/harmony/staking/types/validator.go:470.2,470.36 1 6
github.com/harmony-one/harmony/staking/types/validator.go:476.2,476.12 1 3
github.com/harmony-one/harmony/staking/types/validator.go:466.37,468.3 1 2
github.com/harmony-one/harmony/staking/types/validator.go:470.36,471.67 1 11
github.com/harmony-one/harmony/staking/types/validator.go:471.67,473.4 1 3
github.com/harmony-one/harmony/staking/types/validator.go:480.94,481.25 1 13
github.com/harmony-one/harmony/staking/types/validator.go:485.2,486.16 2 13
github.com/harmony-one/harmony/staking/types/validator.go:490.2,491.57 2 13
github.com/harmony-one/harmony/staking/types/validator.go:495.2,497.47 3 13
github.com/harmony-one/harmony/staking/types/validator.go:501.2,501.12 1 9
github.com/harmony-one/harmony/staking/types/validator.go:481.25,483.3 1 0
github.com/harmony-one/harmony/staking/types/validator.go:486.16,488.3 1 0
github.com/harmony-one/harmony/staking/types/validator.go:491.57,493.3 1 0
github.com/harmony-one/harmony/staking/types/validator.go:497.47,499.3 1 4
github.com/harmony-one/harmony/staking/types/validator.go:508.9,509.25 1 10
github.com/harmony-one/harmony/staking/types/validator.go:516.2,516.12 1 7
github.com/harmony-one/harmony/staking/types/validator.go:509.25,512.17 1 28
github.com/harmony-one/harmony/staking/types/validator.go:512.17,514.4 1 3
github.com/harmony-one/harmony/staking/types/validator.go:523.9,526.22 3 31
github.com/harmony-one/harmony/staking/types/validator.go:526.22,528.31 2 31
github.com/harmony-one/harmony/staking/types/validator.go:537.3,538.43 2 31
github.com/harmony-one/harmony/staking/types/validator.go:545.3,545.13 1 27
github.com/harmony-one/harmony/staking/types/validator.go:528.31,531.31 2 31
github.com/harmony-one/harmony/staking/types/validator.go:531.31,534.5 1 6506
github.com/harmony-one/harmony/staking/types/validator.go:538.43,544.4 1 4
github.com/harmony-one/harmony/staking/types/validator.go:552.23,554.16 2 4
github.com/harmony-one/harmony/staking/types/validator.go:557.2,563.16 4 3
github.com/harmony-one/harmony/staking/types/validator.go:567.2,567.63 1 2
github.com/harmony-one/harmony/staking/types/validator.go:571.2,582.16 2 1
github.com/harmony-one/harmony/staking/types/validator.go:554.16,556.3 1 1
github.com/harmony-one/harmony/staking/types/validator.go:563.16,565.3 1 1
github.com/harmony-one/harmony/staking/types/validator.go:567.63,569.3 1 1
github.com/harmony-one/harmony/staking/types/validator.go:586.98,587.48 1 18
github.com/harmony-one/harmony/staking/types/validator.go:590.2,591.16 2 17
github.com/harmony-one/harmony/staking/types/validator.go:595.2,597.32 2 16
github.com/harmony-one/harmony/staking/types/validator.go:601.2,601.73 1 16
github.com/harmony-one/harmony/staking/types/validator.go:605.2,605.75 1 16
github.com/harmony-one/harmony/staking/types/validator.go:609.2,609.33 1 16
github.com/harmony-one/harmony/staking/types/validator.go:627.2,627.30 1 15
github.com/harmony-one/harmony/staking/types/validator.go:651.2,651.26 1 12
github.com/harmony-one/harmony/staking/types/validator.go:662.2,662.12 1 12
github.com/harmony-one/harmony/staking/types/validator.go:587.48,589.3 1 1
github.com/harmony-one/harmony/staking/types/validator.go:591.16,593.3 1 1
github.com/harmony-one/harmony/staking/types/validator.go:597.32,599.3 1 1
github.com/harmony-one/harmony/staking/types/validator.go:601.73,603.3 1 1
github.com/harmony-one/harmony/staking/types/validator.go:605.75,607.3 1 1
github.com/harmony-one/harmony/staking/types/validator.go:609.33,611.45 2 2
github.com/harmony-one/harmony/staking/types/validator.go:618.3,618.17 1 2
github.com/harmony-one/harmony/staking/types/validator.go:611.45,612.36 1 2
github.com/harmony-one/harmony/staking/types/validator.go:612.36,614.10 2 1
github.com/harmony-one/harmony/staking/types/validator.go:618.17,622.4 1 1
github.com/harmony-one/harmony/staking/types/validator.go:622.9,624.4 1 1
github.com/harmony-one/harmony/staking/types/validator.go:627.30,629.45 2 4
github.com/harmony-one/harmony/staking/types/validator.go:635.3,635.13 1 4
github.com/harmony-one/harmony/staking/types/validator.go:629.45,630.33 1 4
github.com/harmony-one/harmony/staking/types/validator.go:630.33,632.10 2 1
github.com/harmony-one/harmony/staking/types/validator.go:635.13,639.18 2 3
github.com/harmony-one/harmony/staking/types/validator.go:642.4,642.80 1 2
github.com/harmony-one/harmony/staking/types/validator.go:645.4,645.77 1 1
github.com/harmony-one/harmony/staking/types/validator.go:639.18,641.5 1 1
github.com/harmony-one/harmony/staking/types/validator.go:642.80,644.5 1 1
github.com/harmony-one/harmony/staking/types/validator.go:646.9,648.4 1 1
github.com/harmony-one/harmony/staking/types/validator.go:652.24,653.36 1 0
github.com/harmony-one/harmony/staking/types/validator.go:654.10,655.26 1 12
github.com/harmony-one/harmony/staking/types/validator.go:656.45,657.38 1 1
github.com/harmony-one/harmony/staking/types/validator.go:658.11,658.11 0 11
github.com/harmony-one/harmony/staking/types/validator.go:666.36,669.2 2 0
